2022.06.23 16:45:18 INFO  tracing is disabled for protocol LSP, to enable tracing of incoming and outgoing JSON messages create an empty file at /home/yanov2708/dev/labbbb_1/.metals/lsp.trace.json or /home/yanov2708/.cache/metals/lsp.trace.json[0m
2022.06.23 16:45:19 INFO  logging to file /home/yanov2708/dev/labbbb_1/.metals/metals.log[0m
2022.06.23 16:45:19 INFO  Started: Metals version 0.11.6 in workspace '/home/yanov2708/dev/labbbb_1' for client Visual Studio Code 1.68.1.[0m
2022.06.23 16:45:19 INFO  time: initialize in 0.7s[0m
2022.06.23 16:45:19 WARN  Flyway upgrade recommended: H2 2.1.212 is newer than this version of Flyway and support has not been tested. The latest supported version of H2 is 2.1.210.[0m
2022.06.23 16:45:19 WARN  Build server is not auto-connectable.[0m
2022.06.23 16:45:22 INFO  running '/home/yanov2708/.cache/coursier/arc/https/github.com/AdoptOpenJDK/openjdk8-binaries/releases/download/jdk8u292-b10/OpenJDK8U-jdk_x64_linux_hotspot_8u292b10.tar.gz/jdk8u292-b10/bin/java -Djline.terminal=jline.UnsupportedTerminal -Dsbt.log.noformat=true -Dfile.encoding=UTF-8 -jar /tmp/metals75614821303892656/sbt-launch.jar -Dbloop.export-jar-classifiers=sources bloopInstall'[0m
2022.06.23 16:45:23 WARN  no build target for: /home/yanov2708/dev/labbbb_1/project/metals.sbt[0m
2022.06.23 16:45:23 WARN  no build target for: /home/yanov2708/dev/labbbb_1/project/project/metals.sbt[0m
2022.06.23 16:45:23 INFO  skipping build import with status 'Started'[0m
2022.06.23 16:45:25 INFO  [info] welcome to sbt 1.6.2 (AdoptOpenJDK Java 1.8.0_292)[0m
2022.06.23 16:45:25 INFO  no build target found for /home/yanov2708/dev/labbbb_1/project/metals.sbt. Using presentation compiler with project's scala-library version: 3.1.2[0m
2022.06.23 16:45:28 INFO  [info] loading settings for project labbbb_1-build-build from metals.sbt ...[0m
2022.06.23 16:45:28 INFO  [info] loading project definition from /home/yanov2708/dev/labbbb_1/project/project[0m
2022.06.23 16:45:36 INFO  [info] loading settings for project labbbb_1-build from metals.sbt ...[0m
2022.06.23 16:45:36 INFO  [info] loading project definition from /home/yanov2708/dev/labbbb_1/project[0m
2022.06.23 16:45:39 INFO  [success] Generated .bloop/labbbb_1-build.json[0m
2022.06.23 16:45:39 INFO  [success] Total time: 2 s, completed Jun 23, 2022 4:45:39 PM[0m
2022.06.23 16:45:40 INFO  [info] loading settings for project root from build.sbt ...[0m
2022.06.23 16:45:40 INFO  [info] set current project to labbbb_1 (in build file:/home/yanov2708/dev/labbbb_1/)[0m
2022.06.23 16:45:42 WARN  no build target for: /home/yanov2708/dev/labbbb_1/src/main/scala/Main.scala[0m
2022.06.23 16:45:48 INFO  [success] Generated .bloop/root.json[0m
2022.06.23 16:45:48 INFO  [success] Generated .bloop/root-test.json[0m
2022.06.23 16:45:48 INFO  [success] Total time: 8 s, completed Jun 23, 2022 4:45:48 PM[0m
2022.06.23 16:45:48 INFO  time: ran 'sbt bloopInstall' in 25s[0m
2022.06.23 16:45:48 INFO  Attempting to connect to the build server...[0m
2022.06.23 16:45:48 INFO  tracing is disabled for protocol BSP, to enable tracing of incoming and outgoing JSON messages create an empty file at /home/yanov2708/dev/labbbb_1/.metals/bsp.trace.json or /home/yanov2708/.cache/metals/bsp.trace.json[0m
2022.06.23 16:45:48 INFO  Attempting to connect to the build server...[0m
2022.06.23 16:45:48 INFO  tracing is disabled for protocol BSP, to enable tracing of incoming and outgoing JSON messages create an empty file at /home/yanov2708/dev/labbbb_1/project/.metals/bsp.trace.json or /home/yanov2708/.cache/metals/bsp.trace.json[0m
2022.06.23 16:45:48 INFO  time: Connected to build server in 0.37s[0m
2022.06.23 16:45:48 INFO  Connected to Build server: Bloop v1.5.0-18-003e6c7b[0m
2022.06.23 16:45:53 INFO  time: indexed workspace in 4.4s[0m
2022.06.23 16:46:37 INFO  compiling root (1 scala source)[0m
Jun 23, 2022 4:46:38 PM org.eclipse.lsp4j.jsonrpc.RemoteEndpoint fallbackResponseError
SEVERE: Internal error: java.lang.reflect.InvocationTargetException
java.lang.RuntimeException: java.lang.reflect.InvocationTargetException
	at org.eclipse.lsp4j.jsonrpc.services.GenericEndpoint.lambda$null$0(GenericEndpoint.java:67)
	at org.eclipse.lsp4j.jsonrpc.services.GenericEndpoint.request(GenericEndpoint.java:120)
	at org.eclipse.lsp4j.jsonrpc.RemoteEndpoint.handleRequest(RemoteEndpoint.java:261)
	at org.eclipse.lsp4j.jsonrpc.RemoteEndpoint.consume(RemoteEndpoint.java:190)
	at org.eclipse.lsp4j.jsonrpc.json.StreamMessageProducer.handleMessage(StreamMessageProducer.java:194)
	at org.eclipse.lsp4j.jsonrpc.json.StreamMessageProducer.listen(StreamMessageProducer.java:94)
	at org.eclipse.lsp4j.jsonrpc.json.ConcurrentMessageProcessor.run(ConcurrentMessageProcessor.java:113)
	at java.util.concurrent.Executors$RunnableAdapter.call(Executors.java:511)
	at java.util.concurrent.FutureTask.run(FutureTask.java:266)
	at java.util.concurrent.ThreadPoolExecutor.runWorker(ThreadPoolExecutor.java:1149)
	at java.util.concurrent.ThreadPoolExecutor$Worker.run(ThreadPoolExecutor.java:624)
	at java.lang.Thread.run(Thread.java:748)
Caused by: java.lang.reflect.InvocationTargetException
	at sun.reflect.NativeMethodAccessorImpl.invoke0(Native Method)
	at sun.reflect.NativeMethodAccessorImpl.invoke(NativeMethodAccessorImpl.java:62)
	at sun.reflect.DelegatingMethodAccessorImpl.invoke(DelegatingMethodAccessorImpl.java:43)
	at java.lang.reflect.Method.invoke(Method.java:498)
	at org.eclipse.lsp4j.jsonrpc.services.GenericEndpoint.lambda$null$0(GenericEndpoint.java:65)
	... 11 more
Caused by: java.lang.IllegalArgumentException: 30 is not a valid line number, allowed [0..0]
	at scala.meta.internal.inputs.InternalInput.lineToOffset(InternalInput.scala:37)
	at scala.meta.internal.inputs.InternalInput.lineToOffset$(InternalInput.scala:32)
	at scala.meta.inputs.Input$VirtualFile.lineToOffset(Input.scala:80)
	at scala.meta.inputs.Position$Range$.apply(Position.scala:59)
	at scala.meta.internal.mtags.MtagsEnrichments$XtensionPositionLspInverse.toMeta(MtagsEnrichments.scala:179)
	at scala.meta.internal.parsing.Trees.$anonfun$findLastEnclosingAt$4(Trees.scala:76)
	at scala.Option.flatMap(Option.scala:283)
	at scala.meta.internal.parsing.Trees.findLastEnclosingAt(Trees.scala:75)
	at scala.meta.internal.metals.codeactions.PatternMatchRefactor.contribute(PatternMatchRefactor.scala:96)
	at scala.meta.internal.metals.CodeActionProvider$$anonfun$1.applyOrElse(CodeActionProvider.scala:64)
	at scala.meta.internal.metals.CodeActionProvider$$anonfun$1.applyOrElse(CodeActionProvider.scala:63)
	at scala.collection.immutable.List.collect(List.scala:275)
	at scala.meta.internal.metals.CodeActionProvider.codeActions(CodeActionProvider.scala:63)
	at scala.meta.internal.metals.MetalsLanguageServer.$anonfun$codeAction$1(MetalsLanguageServer.scala:1649)
	at scala.meta.internal.metals.CancelTokens$.future(CancelTokens.scala:38)
	at scala.meta.internal.metals.MetalsLanguageServer.codeAction(MetalsLanguageServer.scala:1648)
	... 16 more

2022.06.23 16:46:42 INFO  compiling root-test (1 scala source)[0m
2022.06.23 16:46:42 INFO  time: compiled root in 4.77s[0m
Jun 23, 2022 4:46:42 PM org.eclipse.lsp4j.jsonrpc.RemoteEndpoint fallbackResponseError
SEVERE: Internal error: java.lang.reflect.InvocationTargetException
java.lang.RuntimeException: java.lang.reflect.InvocationTargetException
	at org.eclipse.lsp4j.jsonrpc.services.GenericEndpoint.lambda$null$0(GenericEndpoint.java:67)
	at org.eclipse.lsp4j.jsonrpc.services.GenericEndpoint.request(GenericEndpoint.java:120)
	at org.eclipse.lsp4j.jsonrpc.RemoteEndpoint.handleRequest(RemoteEndpoint.java:261)
	at org.eclipse.lsp4j.jsonrpc.RemoteEndpoint.consume(RemoteEndpoint.java:190)
	at org.eclipse.lsp4j.jsonrpc.json.StreamMessageProducer.handleMessage(StreamMessageProducer.java:194)
	at org.eclipse.lsp4j.jsonrpc.json.StreamMessageProducer.listen(StreamMessageProducer.java:94)
	at org.eclipse.lsp4j.jsonrpc.json.ConcurrentMessageProcessor.run(ConcurrentMessageProcessor.java:113)
	at java.util.concurrent.Executors$RunnableAdapter.call(Executors.java:511)
	at java.util.concurrent.FutureTask.run(FutureTask.java:266)
	at java.util.concurrent.ThreadPoolExecutor.runWorker(ThreadPoolExecutor.java:1149)
	at java.util.concurrent.ThreadPoolExecutor$Worker.run(ThreadPoolExecutor.java:624)
	at java.lang.Thread.run(Thread.java:748)
Caused by: java.lang.reflect.InvocationTargetException
	at sun.reflect.NativeMethodAccessorImpl.invoke0(Native Method)
	at sun.reflect.NativeMethodAccessorImpl.invoke(NativeMethodAccessorImpl.java:62)
	at sun.reflect.DelegatingMethodAccessorImpl.invoke(DelegatingMethodAccessorImpl.java:43)
	at java.lang.reflect.Method.invoke(Method.java:498)
	at org.eclipse.lsp4j.jsonrpc.services.GenericEndpoint.lambda$null$0(GenericEndpoint.java:65)
	... 11 more
Caused by: java.lang.IllegalArgumentException: 30 is not a valid line number, allowed [0..0]
	at scala.meta.internal.inputs.InternalInput.lineToOffset(InternalInput.scala:37)
	at scala.meta.internal.inputs.InternalInput.lineToOffset$(InternalInput.scala:32)
	at scala.meta.inputs.Input$VirtualFile.lineToOffset(Input.scala:80)
	at scala.meta.inputs.Position$Range$.apply(Position.scala:59)
	at scala.meta.internal.mtags.MtagsEnrichments$XtensionPositionLspInverse.toMeta(MtagsEnrichments.scala:179)
	at scala.meta.internal.parsing.Trees.$anonfun$findLastEnclosingAt$4(Trees.scala:76)
	at scala.Option.flatMap(Option.scala:283)
	at scala.meta.internal.parsing.Trees.findLastEnclosingAt(Trees.scala:75)
	at scala.meta.internal.metals.codeactions.PatternMatchRefactor.contribute(PatternMatchRefactor.scala:96)
	at scala.meta.internal.metals.CodeActionProvider$$anonfun$1.applyOrElse(CodeActionProvider.scala:64)
	at scala.meta.internal.metals.CodeActionProvider$$anonfun$1.applyOrElse(CodeActionProvider.scala:63)
	at scala.collection.immutable.List.collect(List.scala:275)
	at scala.meta.internal.metals.CodeActionProvider.codeActions(CodeActionProvider.scala:63)
	at scala.meta.internal.metals.MetalsLanguageServer.$anonfun$codeAction$1(MetalsLanguageServer.scala:1649)
	at scala.meta.internal.metals.CancelTokens$.future(CancelTokens.scala:38)
	at scala.meta.internal.metals.MetalsLanguageServer.codeAction(MetalsLanguageServer.scala:1648)
	... 16 more

2022.06.23 16:46:43 INFO  time: compiled root-test in 1.15s[0m
Jun 23, 2022 4:46:44 PM org.eclipse.lsp4j.jsonrpc.RemoteEndpoint fallbackResponseError
SEVERE: Internal error: java.lang.reflect.InvocationTargetException
java.lang.RuntimeException: java.lang.reflect.InvocationTargetException
	at org.eclipse.lsp4j.jsonrpc.services.GenericEndpoint.lambda$null$0(GenericEndpoint.java:67)
	at org.eclipse.lsp4j.jsonrpc.services.GenericEndpoint.request(GenericEndpoint.java:120)
	at org.eclipse.lsp4j.jsonrpc.RemoteEndpoint.handleRequest(RemoteEndpoint.java:261)
	at org.eclipse.lsp4j.jsonrpc.RemoteEndpoint.consume(RemoteEndpoint.java:190)
	at org.eclipse.lsp4j.jsonrpc.json.StreamMessageProducer.handleMessage(StreamMessageProducer.java:194)
	at org.eclipse.lsp4j.jsonrpc.json.StreamMessageProducer.listen(StreamMessageProducer.java:94)
	at org.eclipse.lsp4j.jsonrpc.json.ConcurrentMessageProcessor.run(ConcurrentMessageProcessor.java:113)
	at java.util.concurrent.Executors$RunnableAdapter.call(Executors.java:511)
	at java.util.concurrent.FutureTask.run(FutureTask.java:266)
	at java.util.concurrent.ThreadPoolExecutor.runWorker(ThreadPoolExecutor.java:1149)
	at java.util.concurrent.ThreadPoolExecutor$Worker.run(ThreadPoolExecutor.java:624)
	at java.lang.Thread.run(Thread.java:748)
Caused by: java.lang.reflect.InvocationTargetException
	at sun.reflect.NativeMethodAccessorImpl.invoke0(Native Method)
	at sun.reflect.NativeMethodAccessorImpl.invoke(NativeMethodAccessorImpl.java:62)
	at sun.reflect.DelegatingMethodAccessorImpl.invoke(DelegatingMethodAccessorImpl.java:43)
	at java.lang.reflect.Method.invoke(Method.java:498)
	at org.eclipse.lsp4j.jsonrpc.services.GenericEndpoint.lambda$null$0(GenericEndpoint.java:65)
	... 11 more
Caused by: java.lang.IllegalArgumentException: 30 is not a valid line number, allowed [0..0]
	at scala.meta.internal.inputs.InternalInput.lineToOffset(InternalInput.scala:37)
	at scala.meta.internal.inputs.InternalInput.lineToOffset$(InternalInput.scala:32)
	at scala.meta.inputs.Input$VirtualFile.lineToOffset(Input.scala:80)
	at scala.meta.inputs.Position$Range$.apply(Position.scala:59)
	at scala.meta.internal.mtags.MtagsEnrichments$XtensionPositionLspInverse.toMeta(MtagsEnrichments.scala:179)
	at scala.meta.internal.parsing.Trees.$anonfun$findLastEnclosingAt$4(Trees.scala:76)
	at scala.Option.flatMap(Option.scala:283)
	at scala.meta.internal.parsing.Trees.findLastEnclosingAt(Trees.scala:75)
	at scala.meta.internal.metals.codeactions.PatternMatchRefactor.contribute(PatternMatchRefactor.scala:96)
	at scala.meta.internal.metals.CodeActionProvider$$anonfun$1.applyOrElse(CodeActionProvider.scala:64)
	at scala.meta.internal.metals.CodeActionProvider$$anonfun$1.applyOrElse(CodeActionProvider.scala:63)
	at scala.collection.immutable.List.collect(List.scala:275)
	at scala.meta.internal.metals.CodeActionProvider.codeActions(CodeActionProvider.scala:63)
	at scala.meta.internal.metals.MetalsLanguageServer.$anonfun$codeAction$1(MetalsLanguageServer.scala:1649)
	at scala.meta.internal.metals.CancelTokens$.future(CancelTokens.scala:38)
	at scala.meta.internal.metals.MetalsLanguageServer.codeAction(MetalsLanguageServer.scala:1648)
	... 16 more

2022.06.23 16:46:50 INFO  compiling root (1 scala source)[0m
2022.06.23 16:46:51 INFO  time: compiled root in 1.06s[0m
2022.06.23 16:47:38 INFO  compiling root (1 scala source)[0m
2022.06.23 16:47:38 INFO  time: compiled root in 0.45s[0m
2022.06.23 16:47:57 INFO  compiling root (1 scala source)[0m
2022.06.23 16:47:57 INFO  time: compiled root in 0.66s[0m
2022.06.23 16:49:45 INFO  compiling root (1 scala source)[0m
2022.06.23 16:49:45 INFO  time: compiled root in 0.86s[0m
2022.06.23 16:50:34 INFO  compiling root (1 scala source)[0m
2022.06.23 16:50:34 INFO  time: compiled root in 0.63s[0m
2022.06.23 16:54:57 INFO  compiling root (1 scala source)[0m
2022.06.23 16:54:58 INFO  time: compiled root in 1.02s[0m
2022.06.23 16:55:56 INFO  compiling root (1 scala source)[0m
2022.06.23 16:55:56 INFO  time: compiled root in 0.5s[0m
2022.06.23 16:56:29 INFO  compiling root (1 scala source)[0m
2022.06.23 16:56:29 INFO  time: compiled root in 0.34s[0m
2022.06.23 16:56:48 INFO  compiling root (1 scala source)[0m
2022.06.23 16:56:48 INFO  time: compiled root in 0.86s[0m
2022.06.23 16:57:49 INFO  compiling root (1 scala source)[0m
2022.06.23 16:57:50 INFO  time: compiled root in 1.09s[0m
Jun 23, 2022 5:06:29 PM org.eclipse.lsp4j.jsonrpc.RemoteEndpoint handleCancellation
WARNING: Unmatched cancel notification for request id 1556
2022.06.23 17:07:06 INFO  compiling root (1 scala source)[0m
2022.06.23 17:07:07 INFO  time: compiled root in 1.22s[0m
2022.06.23 17:07:47 INFO  compiling root (1 scala source)[0m
2022.06.23 17:07:47 INFO  time: compiled root in 0.91s[0m
2022.06.23 17:08:08 INFO  compiling root (1 scala source)[0m
2022.06.23 17:08:08 INFO  time: compiled root in 0.31s[0m
2022.06.23 17:08:14 INFO  compiling root (1 scala source)[0m
2022.06.23 17:08:14 INFO  time: compiled root in 0.82s[0m
2022.06.23 17:12:53 INFO  compiling root (1 scala source)[0m
2022.06.23 17:12:53 INFO  time: compiled root in 0.92s[0m
2022.06.23 17:13:02 INFO  compiling root (1 scala source)[0m
2022.06.23 17:13:02 INFO  time: compiled root in 0.86s[0m
Jun 23, 2022 5:43:01 PM org.eclipse.lsp4j.jsonrpc.RemoteEndpoint handleCancellation
WARNING: Unmatched cancel notification for request id 2711
Jun 23, 2022 5:48:24 PM org.eclipse.lsp4j.jsonrpc.services.GenericEndpoint notify
INFO: Unsupported notification method: $/setTrace
Exception in thread "pool-5-thread-1" java.lang.Error: java.lang.InterruptedException
	at java.util.concurrent.ThreadPoolExecutor.runWorker(ThreadPoolExecutor.java:1155)
	at java.util.concurrent.ThreadPoolExecutor$Worker.run(ThreadPoolExecutor.java:624)
	at java.lang.Thread.run(Thread.java:748)
Caused by: java.lang.InterruptedException
	at scala.meta.internal.metals.FutureCancelToken.checkCanceled(FutureCancelToken.scala:29)
	at scala.meta.internal.pc.CompilerAccess.onCompilerJobQueue$$anonfun$1(CompilerAccess.scala:195)
	at scala.meta.internal.pc.CompilerJobQueue$Job.run(CompilerJobQueue.scala:139)
	at java.util.concurrent.ThreadPoolExecutor.runWorker(ThreadPoolExecutor.java:1149)
	... 2 more
2022.06.23 17:52:43 INFO  compiling root (1 scala source)[0m
2022.06.23 17:52:43 INFO  time: compiled root in 0.75s[0m
2022.06.23 17:54:16 INFO  compiling root (1 scala source)[0m
2022.06.23 17:54:16 INFO  time: compiled root in 0.51s[0m
2022.06.23 17:54:44 INFO  compiling root (1 scala source)[0m
2022.06.23 17:54:44 INFO  time: compiled root in 0.67s[0m
2022.06.23 17:55:15 INFO  compiling root (1 scala source)[0m
2022.06.23 17:55:15 INFO  time: compiled root in 0.6s[0m
2022.06.23 17:57:18 INFO  compiling root (1 scala source)[0m
2022.06.23 17:57:18 INFO  time: compiled root in 0.74s[0m
2022.06.23 17:57:25 INFO  compiling root (1 scala source)[0m
2022.06.23 17:57:25 INFO  time: compiled root in 0.61s[0m
2022.06.23 17:57:45 INFO  compiling root (1 scala source)[0m
2022.06.23 17:57:45 INFO  time: compiled root in 0.38s[0m
2022.06.23 17:58:31 INFO  compiling root (1 scala source)[0m
2022.06.23 17:58:31 INFO  time: compiled root in 0.24s[0m
2022.06.23 19:05:02 INFO  compiling root (1 scala source)[0m
2022.06.23 19:05:02 INFO  time: compiled root in 0.37s[0m
2022.06.23 19:05:11 INFO  compiling root (1 scala source)[0m
2022.06.23 19:05:11 INFO  time: compiled root in 0.13s[0m
2022.06.23 19:05:17 INFO  compiling root (1 scala source)[0m
2022.06.23 19:05:17 INFO  time: compiled root in 0.13s[0m
2022.06.23 19:05:47 INFO  file:///home/yanov2708/dev/labbbb_1/src/main/scala/Main.scala:79:14: stale bloop error: covariant type A occurs in contravariant position in type (A, A) => A of parameter f
  def reduce(f: (A, A) => A): Option[A] = {
             ^^^^^^^^^^^^^^[0m
2022.06.23 19:05:47 INFO  file:///home/yanov2708/dev/labbbb_1/src/main/scala/Main.scala:79:14: stale bloop error: covariant type A occurs in contravariant position in type (A, A) => A of parameter f
  def reduce(f: (A, A) => A): Option[A] = {
             ^^^^^^^^^^^^^^[0m
2022.06.23 19:05:49 INFO  file:///home/yanov2708/dev/labbbb_1/src/main/scala/Main.scala:79:14: stale bloop error: covariant type A occurs in contravariant position in type (A, A) => A of parameter f
  def reduce(f: (A, A) => A): Option[A] = {
             ^^^^^^^^^^^^^^[0m
2022.06.23 19:05:49 INFO  file:///home/yanov2708/dev/labbbb_1/src/main/scala/Main.scala:79:14: stale bloop error: covariant type A occurs in contravariant position in type (A, A) => A of parameter f
  def reduce(f: (A, A) => A): Option[A] = {
             ^^^^^^^^^^^^^^[0m
2022.06.23 19:06:04 INFO  compiling root (1 scala source)[0m
2022.06.23 19:06:04 INFO  time: compiled root in 0.76s[0m
2022.06.23 19:12:29 INFO  compiling root (1 scala source)[0m
2022.06.23 19:12:29 INFO  time: compiled root in 0.55s[0m
2022.06.23 19:12:39 INFO  compiling root (1 scala source)[0m
2022.06.23 19:12:39 INFO  time: compiled root in 0.2s[0m
2022.06.23 19:12:54 INFO  compiling root (1 scala source)[0m
2022.06.23 19:12:54 INFO  time: compiled root in 0.48s[0m
2022.06.23 19:16:37 INFO  compiling root (1 scala source)[0m
2022.06.23 19:16:37 INFO  time: compiled root in 0.41s[0m
2022.06.23 19:16:46 INFO  compiling root (1 scala source)[0m
2022.06.23 19:16:46 INFO  time: compiled root in 0.18s[0m
2022.06.23 19:16:52 INFO  compiling root (1 scala source)[0m
2022.06.23 19:16:52 INFO  time: compiled root in 0.48s[0m
2022.06.23 19:37:03 INFO  compiling root-test (1 scala source)[0m
2022.06.23 19:37:03 INFO  time: compiled root-test in 93ms[0m
2022.06.23 19:38:45 WARN  Error downloading ch.epfl.scala:scala-expression-compiler_3.1.3:2.2.0-M1
  not found: /home/yanov2708/.ivy2/local/ch.epfl.scala/scala-expression-compiler_3.1.3/2.2.0-M1/ivys/ivy.xml
  not found: https://repo1.maven.org/maven2/ch/epfl/scala/scala-expression-compiler_3.1.3/2.2.0-M1/scala-expression-compiler_3.1.3-2.2.0-M1.pom[0m
2022.06.23 19:38:45 WARN  Expression evaluation will not work.[0m
2022.06.23 19:38:45 INFO  tracing is disabled for protocol dap-server, to enable tracing of incoming and outgoing JSON messages create an empty file at /home/yanov2708/dev/labbbb_1/.metals/dap-server.trace.json or /home/yanov2708/.cache/metals/dap-server.trace.json[0m
2022.06.23 19:38:45 INFO  compiling root-test (1 scala source)[0m
2022.06.23 19:38:45 INFO  tracing is disabled for protocol dap-client, to enable tracing of incoming and outgoing JSON messages create an empty file at /home/yanov2708/dev/labbbb_1/.metals/dap-client.trace.json or /home/yanov2708/.cache/metals/dap-client.trace.json[0m
2022.06.23 19:38:46 INFO  Starting debug proxy for [MyList.main][0m
2022.06.23 19:38:45 INFO  time: compiled root-test in 0.16s[0m
2022.06.23 19:38:45 INFO  Trying to attach to remote debuggee VM localhost:43449 .[0m
2022.06.23 19:38:45 INFO  Attaching to debuggee VM succeeded.[0m
2022.06.23 19:38:46 INFO  Canceling debug proxy for [MyList.main][0m
2022.06.23 19:38:46 INFO  Closing debug server tcp://0.0.0.0:33687[0m
Jun 23, 2022 7:38:46 PM org.eclipse.lsp4j.jsonrpc.json.StreamMessageProducer fireError
SEVERE: java.net.SocketException: Socket closed
org.eclipse.lsp4j.jsonrpc.JsonRpcException: java.net.SocketException: Socket closed
	at org.eclipse.lsp4j.jsonrpc.json.StreamMessageConsumer.consume(StreamMessageConsumer.java:72)
	at scala.meta.internal.metals.debug.SocketEndpoint.consume(SocketEndpoint.scala:22)
	at scala.meta.internal.metals.debug.MessageIdAdapter.consume(MessageIdAdapter.scala:43)
	at scala.meta.internal.metals.debug.ServerAdapter.send(ServerAdapter.scala:30)
	at scala.meta.internal.metals.debug.DebugProxy.$anonfun$handleClientMessage$1(DebugProxy.scala:146)
	at scala.meta.internal.metals.debug.MessageIdAdapter.$anonfun$listen$1(MessageIdAdapter.scala:57)
	at org.eclipse.lsp4j.jsonrpc.json.StreamMessageProducer.handleMessage(StreamMessageProducer.java:194)
	at org.eclipse.lsp4j.jsonrpc.json.StreamMessageProducer.listen(StreamMessageProducer.java:94)
	at scala.meta.internal.metals.debug.SocketEndpoint.listen(SocketEndpoint.scala:26)
	at scala.meta.internal.metals.debug.MessageIdAdapter.listen(MessageIdAdapter.scala:47)
	at scala.meta.internal.metals.debug.DebugProxy.$anonfun$listenToClient$1(DebugProxy.scala:65)
	at scala.runtime.java8.JFunction0$mcV$sp.apply(JFunction0$mcV$sp.scala:18)
	at scala.concurrent.Future$.$anonfun$apply$1(Future.scala:678)
	at scala.concurrent.impl.Promise$Transformation.run(Promise.scala:467)
	at java.util.concurrent.ThreadPoolExecutor.runWorker(ThreadPoolExecutor.java:1149)
	at java.util.concurrent.ThreadPoolExecutor$Worker.run(ThreadPoolExecutor.java:624)
	at java.lang.Thread.run(Thread.java:748)
Caused by: java.net.SocketException: Socket closed
	at java.net.SocketOutputStream.socketWrite(SocketOutputStream.java:118)
	at java.net.SocketOutputStream.write(SocketOutputStream.java:155)
	at java.io.BufferedOutputStream.flushBuffer(BufferedOutputStream.java:82)
	at java.io.BufferedOutputStream.flush(BufferedOutputStream.java:140)
	at org.eclipse.lsp4j.jsonrpc.json.StreamMessageConsumer.consume(StreamMessageConsumer.java:69)
	... 16 more

2022.06.23 19:42:41 INFO  compiling root (1 scala source)[0m
2022.06.23 19:42:41 INFO  time: compiled root in 0.37s[0m
Jun 23, 2022 7:42:59 PM org.eclipse.lsp4j.jsonrpc.RemoteEndpoint fallbackResponseError
SEVERE: Internal error: scala.meta.internal.metals.debug.DebugProvider$WorkspaceErrorsException$: Cannot run class, since the workspace has errors.
java.util.concurrent.CompletionException: scala.meta.internal.metals.debug.DebugProvider$WorkspaceErrorsException$: Cannot run class, since the workspace has errors.
	at java.util.concurrent.CompletableFuture.encodeThrowable(CompletableFuture.java:292)
	at java.util.concurrent.CompletableFuture.completeThrowable(CompletableFuture.java:308)
	at java.util.concurrent.CompletableFuture.uniAccept(CompletableFuture.java:661)
	at java.util.concurrent.CompletableFuture$UniAccept.tryFire(CompletableFuture.java:646)
	at java.util.concurrent.CompletableFuture.uniAcceptStage(CompletableFuture.java:686)
	at java.util.concurrent.CompletableFuture.thenAcceptAsync(CompletableFuture.java:2014)
	at scala.concurrent.java8.FuturesConvertersImpl$CF.thenAccept(FutureConvertersImpl.scala:37)
	at org.eclipse.lsp4j.jsonrpc.RemoteEndpoint.handleRequest(RemoteEndpoint.java:279)
	at org.eclipse.lsp4j.jsonrpc.RemoteEndpoint.consume(RemoteEndpoint.java:190)
	at org.eclipse.lsp4j.jsonrpc.json.StreamMessageProducer.handleMessage(StreamMessageProducer.java:194)
	at org.eclipse.lsp4j.jsonrpc.json.StreamMessageProducer.listen(StreamMessageProducer.java:94)
	at org.eclipse.lsp4j.jsonrpc.json.ConcurrentMessageProcessor.run(ConcurrentMessageProcessor.java:113)
	at java.util.concurrent.Executors$RunnableAdapter.call(Executors.java:511)
	at java.util.concurrent.FutureTask.run(FutureTask.java:266)
	at java.util.concurrent.ThreadPoolExecutor.runWorker(ThreadPoolExecutor.java:1149)
	at java.util.concurrent.ThreadPoolExecutor$Worker.run(ThreadPoolExecutor.java:624)
	at java.lang.Thread.run(Thread.java:748)
Caused by: scala.meta.internal.metals.debug.DebugProvider$WorkspaceErrorsException$: Cannot run class, since the workspace has errors.
	at scala.meta.internal.metals.debug.DebugProvider$WorkspaceErrorsException$.<clinit>(DebugProvider.scala:841)
	at scala.meta.internal.metals.debug.DebugProvider.ensureNoWorkspaceErrors(DebugProvider.scala:368)
	at scala.meta.internal.metals.MetalsLanguageServer.executeCommand(MetalsLanguageServer.scala:1844)
	at sun.reflect.NativeMethodAccessorImpl.invoke0(Native Method)
	at sun.reflect.NativeMethodAccessorImpl.invoke(NativeMethodAccessorImpl.java:62)
	at sun.reflect.DelegatingMethodAccessorImpl.invoke(DelegatingMethodAccessorImpl.java:43)
	at java.lang.reflect.Method.invoke(Method.java:498)
	at org.eclipse.lsp4j.jsonrpc.services.GenericEndpoint.lambda$null$0(GenericEndpoint.java:65)
	at org.eclipse.lsp4j.jsonrpc.services.GenericEndpoint.request(GenericEndpoint.java:120)
	at org.eclipse.lsp4j.jsonrpc.RemoteEndpoint.handleRequest(RemoteEndpoint.java:261)
	... 9 more

2022.06.23 19:42:59 INFO  compiling root (1 scala source)[0m
2022.06.23 19:42:59 INFO  time: compiled root in 0.37s[0m
Jun 23, 2022 7:43:04 PM org.eclipse.lsp4j.jsonrpc.RemoteEndpoint fallbackResponseError
SEVERE: Internal error: scala.meta.internal.metals.debug.DebugProvider$WorkspaceErrorsException$: Cannot run class, since the workspace has errors.
java.util.concurrent.CompletionException: scala.meta.internal.metals.debug.DebugProvider$WorkspaceErrorsException$: Cannot run class, since the workspace has errors.
	at java.util.concurrent.CompletableFuture.encodeThrowable(CompletableFuture.java:292)
	at java.util.concurrent.CompletableFuture.completeThrowable(CompletableFuture.java:308)
	at java.util.concurrent.CompletableFuture.uniAccept(CompletableFuture.java:661)
	at java.util.concurrent.CompletableFuture$UniAccept.tryFire(CompletableFuture.java:646)
	at java.util.concurrent.CompletableFuture.uniAcceptStage(CompletableFuture.java:686)
	at java.util.concurrent.CompletableFuture.thenAcceptAsync(CompletableFuture.java:2014)
	at scala.concurrent.java8.FuturesConvertersImpl$CF.thenAccept(FutureConvertersImpl.scala:37)
	at org.eclipse.lsp4j.jsonrpc.RemoteEndpoint.handleRequest(RemoteEndpoint.java:279)
	at org.eclipse.lsp4j.jsonrpc.RemoteEndpoint.consume(RemoteEndpoint.java:190)
	at org.eclipse.lsp4j.jsonrpc.json.StreamMessageProducer.handleMessage(StreamMessageProducer.java:194)
	at org.eclipse.lsp4j.jsonrpc.json.StreamMessageProducer.listen(StreamMessageProducer.java:94)
	at org.eclipse.lsp4j.jsonrpc.json.ConcurrentMessageProcessor.run(ConcurrentMessageProcessor.java:113)
	at java.util.concurrent.Executors$RunnableAdapter.call(Executors.java:511)
	at java.util.concurrent.FutureTask.run(FutureTask.java:266)
	at java.util.concurrent.ThreadPoolExecutor.runWorker(ThreadPoolExecutor.java:1149)
	at java.util.concurrent.ThreadPoolExecutor$Worker.run(ThreadPoolExecutor.java:624)
	at java.lang.Thread.run(Thread.java:748)
Caused by: scala.meta.internal.metals.debug.DebugProvider$WorkspaceErrorsException$: Cannot run class, since the workspace has errors.
	at scala.meta.internal.metals.debug.DebugProvider$WorkspaceErrorsException$.<clinit>(DebugProvider.scala:841)
	at scala.meta.internal.metals.debug.DebugProvider.ensureNoWorkspaceErrors(DebugProvider.scala:368)
	at scala.meta.internal.metals.MetalsLanguageServer.executeCommand(MetalsLanguageServer.scala:1844)
	at sun.reflect.NativeMethodAccessorImpl.invoke0(Native Method)
	at sun.reflect.NativeMethodAccessorImpl.invoke(NativeMethodAccessorImpl.java:62)
	at sun.reflect.DelegatingMethodAccessorImpl.invoke(DelegatingMethodAccessorImpl.java:43)
	at java.lang.reflect.Method.invoke(Method.java:498)
	at org.eclipse.lsp4j.jsonrpc.services.GenericEndpoint.lambda$null$0(GenericEndpoint.java:65)
	at org.eclipse.lsp4j.jsonrpc.services.GenericEndpoint.request(GenericEndpoint.java:120)
	at org.eclipse.lsp4j.jsonrpc.RemoteEndpoint.handleRequest(RemoteEndpoint.java:261)
	... 9 more

2022.06.23 19:43:04 INFO  compiling root (1 scala source)[0m
2022.06.23 19:43:04 INFO  time: compiled root in 0.27s[0m
Jun 23, 2022 7:45:01 PM org.eclipse.lsp4j.jsonrpc.RemoteEndpoint handleCancellation
WARNING: Unmatched cancel notification for request id 5110
2022.06.23 19:45:34 INFO  compiling root (1 scala source)[0m
2022.06.23 19:45:34 INFO  time: compiled root in 0.41s[0m
2022.06.23 19:45:40 INFO  compiling root-test (1 scala source)[0m
2022.06.23 19:45:40 INFO  time: compiled root-test in 81ms[0m
2022.06.23 19:45:40 WARN  Error downloading ch.epfl.scala:scala-expression-compiler_3.1.3:2.2.0-M1
  not found: /home/yanov2708/.ivy2/local/ch.epfl.scala/scala-expression-compiler_3.1.3/2.2.0-M1/ivys/ivy.xml
  not found: https://repo1.maven.org/maven2/ch/epfl/scala/scala-expression-compiler_3.1.3/2.2.0-M1/scala-expression-compiler_3.1.3-2.2.0-M1.pom[0m
2022.06.23 19:45:40 WARN  Expression evaluation will not work.[0m
2022.06.23 19:45:40 INFO  tracing is disabled for protocol dap-server, to enable tracing of incoming and outgoing JSON messages create an empty file at /home/yanov2708/dev/labbbb_1/.metals/dap-server.trace.json or /home/yanov2708/.cache/metals/dap-server.trace.json[0m
2022.06.23 19:45:40 INFO  tracing is disabled for protocol dap-client, to enable tracing of incoming and outgoing JSON messages create an empty file at /home/yanov2708/dev/labbbb_1/.metals/dap-client.trace.json or /home/yanov2708/.cache/metals/dap-client.trace.json[0m
2022.06.23 19:45:40 INFO  Starting debug proxy for [MyList.main][0m
2022.06.23 19:45:40 INFO  Trying to attach to remote debuggee VM localhost:45841 .[0m
2022.06.23 19:45:40 INFO  Attaching to debuggee VM succeeded.[0m
2022.06.23 19:45:40 INFO  Canceling debug proxy for [MyList.main][0m
2022.06.23 19:45:40 INFO  Closing debug server tcp://0.0.0.0:45181[0m
2022.06.23 19:45:52 INFO  file:///home/yanov2708/dev/labbbb_1/src/test/scala/MySuite.scala:10:5: stale bloop error: missing argument for parameter ev of method assertEquals in trait Assertions: (implicit loc: munit.Location, ev: 
  ((MyList.MyList[Any], Any) => ((Any, Any) => Any) => Any)
 <:< MyList.MyList[Int]): Unit
    assertEquals(obtained, expected)
    ^^^^^^^^^^^^^^^^^^^^^^^^^^^^^^^^[0m
2022.06.23 19:45:52 INFO  file:///home/yanov2708/dev/labbbb_1/src/test/scala/MySuite.scala:10:5: stale bloop error: missing argument for parameter ev of method assertEquals in trait Assertions: (implicit loc: munit.Location, ev: 
  ((MyList.MyList[Any], Any) => ((Any, Any) => Any) => Any)
 <:< MyList.MyList[Int]): Unit
    assertEquals(obtained, expected)
    ^^^^^^^^^^^^^^^^^^^^^^^^^^^^^^^^[0m
2022.06.23 19:45:54 INFO  file:///home/yanov2708/dev/labbbb_1/src/test/scala/MySuite.scala:10:5: stale bloop error: missing argument for parameter ev of method assertEquals in trait Assertions: (implicit loc: munit.Location, ev: 
  ((MyList.MyList[Any], Any) => ((Any, Any) => Any) => Any)
 <:< MyList.MyList[Int]): Unit
    assertEquals(obtained, expected)
    ^^^^^^^^^^^^^^^^^^^^^^^^^^^^^^^^[0m
2022.06.23 19:45:54 INFO  file:///home/yanov2708/dev/labbbb_1/src/test/scala/MySuite.scala:10:5: stale bloop error: missing argument for parameter ev of method assertEquals in trait Assertions: (implicit loc: munit.Location, ev: 
  ((MyList.MyList[Any], Any) => ((Any, Any) => Any) => Any)
 <:< MyList.MyList[Int]): Unit
    assertEquals(obtained, expected)
    ^^^^^^^^^^^^^^^^^^^^^^^^^^^^^^^^[0m
2022.06.23 19:46:15 INFO  file:///home/yanov2708/dev/labbbb_1/src/test/scala/MySuite.scala:10:5: stale bloop error: missing argument for parameter ev of method assertEquals in trait Assertions: (implicit loc: munit.Location, ev: 
  ((MyList.MyList[Any], Any) => ((Any, Any) => Any) => Any)
 <:< MyList.MyList[Int]): Unit
    assertEquals(obtained, expected)
    ^^^^^^^^^^^^^^^^^^^^^^^^^^^^^^^^[0m
2022.06.23 19:46:15 INFO  file:///home/yanov2708/dev/labbbb_1/src/test/scala/MySuite.scala:10:5: stale bloop error: missing argument for parameter ev of method assertEquals in trait Assertions: (implicit loc: munit.Location, ev: 
  ((MyList.MyList[Any], Any) => ((Any, Any) => Any) => Any)
 <:< MyList.MyList[Int]): Unit
    assertEquals(obtained, expected)
    ^^^^^^^^^^^^^^^^^^^^^^^^^^^^^^^^[0m
2022.06.23 19:46:24 INFO  file:///home/yanov2708/dev/labbbb_1/src/test/scala/MySuite.scala:10:5: stale bloop error: missing argument for parameter ev of method assertEquals in trait Assertions: (implicit loc: munit.Location, ev: 
  ((MyList.MyList[Any], Any) => ((Any, Any) => Any) => Any)
 <:< MyList.MyList[Int]): Unit
    assertEquals(obtained, expected)
    ^^^^^^^^^^^^^^^^^^^^^^^^^^^^^^^^[0m
2022.06.23 19:46:24 INFO  file:///home/yanov2708/dev/labbbb_1/src/test/scala/MySuite.scala:10:5: stale bloop error: missing argument for parameter ev of method assertEquals in trait Assertions: (implicit loc: munit.Location, ev: 
  ((MyList.MyList[Any], Any) => ((Any, Any) => Any) => Any)
 <:< MyList.MyList[Int]): Unit
    assertEquals(obtained, expected)
    ^^^^^^^^^^^^^^^^^^^^^^^^^^^^^^^^[0m
2022.06.23 19:48:58 INFO  compiling root-test (1 scala source)[0m
2022.06.23 19:48:58 INFO  time: compiled root-test in 98ms[0m
2022.06.23 19:49:42 INFO  compiling root-test (1 scala source)[0m
2022.06.23 19:49:42 INFO  time: compiled root-test in 85ms[0m
2022.06.23 19:49:42 INFO  compiling root-test (1 scala source)[0m
2022.06.23 19:49:42 INFO  time: compiled root-test in 87ms[0m
2022.06.23 19:50:09 INFO  compiling root-test (1 scala source)[0m
2022.06.23 19:50:09 INFO  time: compiled root-test in 0.47s[0m
2022.06.23 19:50:22 INFO  compiling root-test (1 scala source)[0m
2022.06.23 19:50:22 INFO  time: compiled root-test in 63ms[0m
2022.06.23 19:50:38 INFO  compiling root-test (1 scala source)[0m
2022.06.23 19:50:38 INFO  time: compiled root-test in 0.19s[0m
2022.06.23 19:50:59 INFO  compiling root-test (1 scala source)[0m
2022.06.23 19:50:59 INFO  time: compiled root-test in 0.18s[0m
2022.06.23 19:51:10 INFO  Deduplicating compilation of root from bsp client 'Metals 0.11.6' (since 3h 5m 21.458s)[0m
2022.06.23 19:51:10 WARN  Error downloading ch.epfl.scala:scala-expression-compiler_3.1.3:2.2.0-M1
  not found: /home/yanov2708/.ivy2/local/ch.epfl.scala/scala-expression-compiler_3.1.3/2.2.0-M1/ivys/ivy.xml
  not found: https://repo1.maven.org/maven2/ch/epfl/scala/scala-expression-compiler_3.1.3/2.2.0-M1/scala-expression-compiler_3.1.3-2.2.0-M1.pom[0m
2022.06.23 19:51:10 WARN  Expression evaluation will not work.[0m
2022.06.23 19:51:10 INFO  tracing is disabled for protocol dap-server, to enable tracing of incoming and outgoing JSON messages create an empty file at /home/yanov2708/dev/labbbb_1/.metals/dap-server.trace.json or /home/yanov2708/.cache/metals/dap-server.trace.json[0m
2022.06.23 19:51:10 INFO  tracing is disabled for protocol dap-client, to enable tracing of incoming and outgoing JSON messages create an empty file at /home/yanov2708/dev/labbbb_1/.metals/dap-client.trace.json or /home/yanov2708/.cache/metals/dap-client.trace.json[0m
2022.06.23 19:51:10 INFO  Starting debug proxy for [MyList.main][0m
2022.06.23 19:51:10 INFO  Trying to attach to remote debuggee VM localhost:42861 .[0m
2022.06.23 19:51:10 INFO  Attaching to debuggee VM succeeded.[0m
2022.06.23 19:51:10 INFO  Canceling debug proxy for [MyList.main][0m
2022.06.23 19:51:10 INFO  Closing debug server tcp://0.0.0.0:40053[0m
2022.06.23 19:51:58 INFO  Deduplicating compilation of root from bsp client 'Metals 0.11.6' (since 3h 6m 9.831s)[0m
2022.06.23 19:51:58 WARN  Error downloading ch.epfl.scala:scala-expression-compiler_3.1.3:2.2.0-M1
  not found: /home/yanov2708/.ivy2/local/ch.epfl.scala/scala-expression-compiler_3.1.3/2.2.0-M1/ivys/ivy.xml
  not found: https://repo1.maven.org/maven2/ch/epfl/scala/scala-expression-compiler_3.1.3/2.2.0-M1/scala-expression-compiler_3.1.3-2.2.0-M1.pom[0m
2022.06.23 19:51:58 WARN  Expression evaluation will not work.[0m
2022.06.23 19:51:58 INFO  tracing is disabled for protocol dap-server, to enable tracing of incoming and outgoing JSON messages create an empty file at /home/yanov2708/dev/labbbb_1/.metals/dap-server.trace.json or /home/yanov2708/.cache/metals/dap-server.trace.json[0m
2022.06.23 19:51:58 INFO  tracing is disabled for protocol dap-client, to enable tracing of incoming and outgoing JSON messages create an empty file at /home/yanov2708/dev/labbbb_1/.metals/dap-client.trace.json or /home/yanov2708/.cache/metals/dap-client.trace.json[0m
2022.06.23 19:51:59 INFO  Starting debug proxy for [MyList.main][0m
2022.06.23 19:51:58 INFO  Trying to attach to remote debuggee VM localhost:38219 .[0m
2022.06.23 19:51:58 INFO  Attaching to debuggee VM succeeded.[0m
2022.06.23 19:51:59 INFO  Canceling debug proxy for [MyList.main][0m
2022.06.23 19:51:58 INFO  Closing debug server tcp://0.0.0.0:35091[0m
2022.06.23 19:52:00 INFO  Deduplicating compilation of root from bsp client 'Metals 0.11.6' (since 3h 6m 11.43s)[0m
2022.06.23 19:52:00 WARN  Error downloading ch.epfl.scala:scala-expression-compiler_3.1.3:2.2.0-M1
  not found: /home/yanov2708/.ivy2/local/ch.epfl.scala/scala-expression-compiler_3.1.3/2.2.0-M1/ivys/ivy.xml
  not found: https://repo1.maven.org/maven2/ch/epfl/scala/scala-expression-compiler_3.1.3/2.2.0-M1/scala-expression-compiler_3.1.3-2.2.0-M1.pom[0m
2022.06.23 19:52:00 WARN  Expression evaluation will not work.[0m
2022.06.23 19:52:00 INFO  tracing is disabled for protocol dap-server, to enable tracing of incoming and outgoing JSON messages create an empty file at /home/yanov2708/dev/labbbb_1/.metals/dap-server.trace.json or /home/yanov2708/.cache/metals/dap-server.trace.json[0m
2022.06.23 19:52:00 INFO  tracing is disabled for protocol dap-client, to enable tracing of incoming and outgoing JSON messages create an empty file at /home/yanov2708/dev/labbbb_1/.metals/dap-client.trace.json or /home/yanov2708/.cache/metals/dap-client.trace.json[0m
2022.06.23 19:52:00 INFO  Starting debug proxy for [MyList.main][0m
2022.06.23 19:52:00 INFO  Trying to attach to remote debuggee VM localhost:39073 .[0m
2022.06.23 19:52:00 INFO  Attaching to debuggee VM succeeded.[0m
2022.06.23 19:52:00 INFO  Canceling debug proxy for [MyList.main][0m
2022.06.23 19:52:00 INFO  Closing debug server tcp://0.0.0.0:41695[0m
2022.06.23 21:55:08 INFO  Deduplicating compilation of root from bsp client 'Metals 0.11.6' (since 5h 9m 19.556s)[0m
2022.06.23 21:55:08 WARN  Error downloading ch.epfl.scala:scala-expression-compiler_3.1.3:2.2.0-M1
  not found: /home/yanov2708/.ivy2/local/ch.epfl.scala/scala-expression-compiler_3.1.3/2.2.0-M1/ivys/ivy.xml
  not found: https://repo1.maven.org/maven2/ch/epfl/scala/scala-expression-compiler_3.1.3/2.2.0-M1/scala-expression-compiler_3.1.3-2.2.0-M1.pom[0m
2022.06.23 21:55:08 WARN  Expression evaluation will not work.[0m
2022.06.23 21:55:08 INFO  tracing is disabled for protocol dap-server, to enable tracing of incoming and outgoing JSON messages create an empty file at /home/yanov2708/dev/labbbb_1/.metals/dap-server.trace.json or /home/yanov2708/.cache/metals/dap-server.trace.json[0m
2022.06.23 21:55:08 INFO  tracing is disabled for protocol dap-client, to enable tracing of incoming and outgoing JSON messages create an empty file at /home/yanov2708/dev/labbbb_1/.metals/dap-client.trace.json or /home/yanov2708/.cache/metals/dap-client.trace.json[0m
2022.06.23 21:55:08 INFO  Starting debug proxy for [MySuite(map)][0m
2022.06.23 21:55:08 INFO  Trying to attach to remote debuggee VM localhost:37963 .[0m
2022.06.23 21:55:08 INFO  Attaching to debuggee VM succeeded.[0m
2022.06.23 21:55:08 INFO  Canceling debug proxy for [MySuite(map)][0m
2022.06.23 21:55:09 INFO  Closing debug server tcp://0.0.0.0:41075[0m
2022.06.23 21:55:42 INFO  Deduplicating compilation of root from bsp client 'Metals 0.11.6' (since 5h 9m 53.404s)[0m
2022.06.23 21:55:42 INFO  Deduplicating compilation of root-test from bsp client 'Metals 0.11.6' (since 5h 9m 53.418s)[0m
2022.06.23 21:55:42 WARN  Error downloading ch.epfl.scala:scala-expression-compiler_3.1.3:2.2.0-M1
  not found: /home/yanov2708/.ivy2/local/ch.epfl.scala/scala-expression-compiler_3.1.3/2.2.0-M1/ivys/ivy.xml
  not found: https://repo1.maven.org/maven2/ch/epfl/scala/scala-expression-compiler_3.1.3/2.2.0-M1/scala-expression-compiler_3.1.3-2.2.0-M1.pom[0m
2022.06.23 21:55:42 WARN  Expression evaluation will not work.[0m
2022.06.23 21:55:42 INFO  tracing is disabled for protocol dap-server, to enable tracing of incoming and outgoing JSON messages create an empty file at /home/yanov2708/dev/labbbb_1/.metals/dap-server.trace.json or /home/yanov2708/.cache/metals/dap-server.trace.json[0m
2022.06.23 21:55:42 INFO  tracing is disabled for protocol dap-client, to enable tracing of incoming and outgoing JSON messages create an empty file at /home/yanov2708/dev/labbbb_1/.metals/dap-client.trace.json or /home/yanov2708/.cache/metals/dap-client.trace.json[0m
2022.06.23 21:55:42 INFO  Starting debug proxy for [MySuite(map)][0m
2022.06.23 21:55:42 INFO  Trying to attach to remote debuggee VM localhost:36779 .[0m
2022.06.23 21:55:42 INFO  Attaching to debuggee VM succeeded.[0m
2022.06.23 21:55:42 INFO  Canceling debug proxy for [MySuite(map)][0m
2022.06.23 21:55:43 INFO  Closing debug server tcp://0.0.0.0:39221[0m
2022.06.23 21:56:57 INFO  Deduplicating compilation of root from bsp client 'Metals 0.11.6' (since 5h 11m 8.794s)[0m
2022.06.23 21:56:57 INFO  Deduplicating compilation of root-test from bsp client 'Metals 0.11.6' (since 5h 11m 8.822s)[0m
2022.06.23 21:56:57 INFO  compiling root-test (1 scala source)[0m
2022.06.23 21:56:57 INFO  compiling root-test (1 scala source)[0m
2022.06.23 21:56:57 INFO  time: compiled root-test in 0.23s[0m
2022.06.23 21:56:57 WARN  Error downloading ch.epfl.scala:scala-expression-compiler_3.1.3:2.2.0-M1
  not found: /home/yanov2708/.ivy2/local/ch.epfl.scala/scala-expression-compiler_3.1.3/2.2.0-M1/ivys/ivy.xml
  not found: https://repo1.maven.org/maven2/ch/epfl/scala/scala-expression-compiler_3.1.3/2.2.0-M1/scala-expression-compiler_3.1.3-2.2.0-M1.pom[0m
2022.06.23 21:56:57 WARN  Expression evaluation will not work.[0m
2022.06.23 21:56:58 INFO  tracing is disabled for protocol dap-server, to enable tracing of incoming and outgoing JSON messages create an empty file at /home/yanov2708/dev/labbbb_1/.metals/dap-server.trace.json or /home/yanov2708/.cache/metals/dap-server.trace.json[0m
2022.06.23 21:56:58 INFO  tracing is disabled for protocol dap-client, to enable tracing of incoming and outgoing JSON messages create an empty file at /home/yanov2708/dev/labbbb_1/.metals/dap-client.trace.json or /home/yanov2708/.cache/metals/dap-client.trace.json[0m
2022.06.23 21:56:58 INFO  Starting debug proxy for [MySuite(map)][0m
2022.06.23 21:56:57 INFO  Trying to attach to remote debuggee VM localhost:41585 .[0m
2022.06.23 21:56:57 INFO  Attaching to debuggee VM succeeded.[0m
2022.06.23 21:56:58 INFO  Canceling debug proxy for [MySuite(map)][0m
2022.06.23 21:56:58 INFO  Closing debug server tcp://0.0.0.0:40015[0m
2022.06.23 21:57:15 INFO  Deduplicating compilation of root from bsp client 'Metals 0.11.6' (since 5h 11m 27.006s)[0m
2022.06.23 21:57:15 INFO  Deduplicating compilation of root-test from bsp client 'Metals 0.11.6' (since 5h 11m 27.021s)[0m
2022.06.23 21:57:15 WARN  Error downloading ch.epfl.scala:scala-expression-compiler_3.1.3:2.2.0-M1
  not found: /home/yanov2708/.ivy2/local/ch.epfl.scala/scala-expression-compiler_3.1.3/2.2.0-M1/ivys/ivy.xml
  not found: https://repo1.maven.org/maven2/ch/epfl/scala/scala-expression-compiler_3.1.3/2.2.0-M1/scala-expression-compiler_3.1.3-2.2.0-M1.pom[0m
2022.06.23 21:57:15 WARN  Expression evaluation will not work.[0m
2022.06.23 21:57:15 INFO  tracing is disabled for protocol dap-server, to enable tracing of incoming and outgoing JSON messages create an empty file at /home/yanov2708/dev/labbbb_1/.metals/dap-server.trace.json or /home/yanov2708/.cache/metals/dap-server.trace.json[0m
2022.06.23 21:57:15 INFO  tracing is disabled for protocol dap-client, to enable tracing of incoming and outgoing JSON messages create an empty file at /home/yanov2708/dev/labbbb_1/.metals/dap-client.trace.json or /home/yanov2708/.cache/metals/dap-client.trace.json[0m
2022.06.23 21:57:16 INFO  Starting debug proxy for [MySuite(reverse)][0m
2022.06.23 21:57:15 INFO  Trying to attach to remote debuggee VM localhost:39011 .[0m
2022.06.23 21:57:15 INFO  Attaching to debuggee VM succeeded.[0m
2022.06.23 21:57:16 INFO  Canceling debug proxy for [MySuite(reverse)][0m
2022.06.23 21:57:15 INFO  Closing debug server tcp://0.0.0.0:36219[0m
2022.06.23 21:57:21 INFO  Deduplicating compilation of root from bsp client 'Metals 0.11.6' (since 5h 11m 32.306s)[0m
2022.06.23 21:57:21 INFO  Deduplicating compilation of root-test from bsp client 'Metals 0.11.6' (since 5h 11m 32.315s)[0m
2022.06.23 21:57:21 WARN  Error downloading ch.epfl.scala:scala-expression-compiler_3.1.3:2.2.0-M1
  not found: /home/yanov2708/.ivy2/local/ch.epfl.scala/scala-expression-compiler_3.1.3/2.2.0-M1/ivys/ivy.xml
  not found: https://repo1.maven.org/maven2/ch/epfl/scala/scala-expression-compiler_3.1.3/2.2.0-M1/scala-expression-compiler_3.1.3-2.2.0-M1.pom[0m
2022.06.23 21:57:21 WARN  Expression evaluation will not work.[0m
2022.06.23 21:57:21 INFO  tracing is disabled for protocol dap-server, to enable tracing of incoming and outgoing JSON messages create an empty file at /home/yanov2708/dev/labbbb_1/.metals/dap-server.trace.json or /home/yanov2708/.cache/metals/dap-server.trace.json[0m
2022.06.23 21:57:21 INFO  tracing is disabled for protocol dap-client, to enable tracing of incoming and outgoing JSON messages create an empty file at /home/yanov2708/dev/labbbb_1/.metals/dap-client.trace.json or /home/yanov2708/.cache/metals/dap-client.trace.json[0m
2022.06.23 21:57:21 INFO  Starting debug proxy for [MySuite()][0m
2022.06.23 21:57:21 INFO  Trying to attach to remote debuggee VM localhost:36697 .[0m
2022.06.23 21:57:21 INFO  Attaching to debuggee VM succeeded.[0m
2022.06.23 21:57:21 INFO  Canceling debug proxy for [MySuite()][0m
2022.06.23 21:57:21 INFO  Closing debug server tcp://0.0.0.0:37481[0m
2022.06.23 21:59:28 INFO  Deduplicating compilation of root from bsp client 'Metals 0.11.6' (since 5h 13m 39.351s)[0m
2022.06.23 21:59:28 INFO  Deduplicating compilation of root-test from bsp client 'Metals 0.11.6' (since 5h 13m 39.366s)[0m
2022.06.23 21:59:28 INFO  compiling root-test (1 scala source)[0m
2022.06.23 21:59:28 INFO  compiling root-test (1 scala source)[0m
2022.06.23 21:59:28 INFO  time: compiled root-test in 0.19s[0m
2022.06.23 21:59:28 WARN  Error downloading ch.epfl.scala:scala-expression-compiler_3.1.3:2.2.0-M1
  not found: /home/yanov2708/.ivy2/local/ch.epfl.scala/scala-expression-compiler_3.1.3/2.2.0-M1/ivys/ivy.xml
  not found: https://repo1.maven.org/maven2/ch/epfl/scala/scala-expression-compiler_3.1.3/2.2.0-M1/scala-expression-compiler_3.1.3-2.2.0-M1.pom[0m
2022.06.23 21:59:28 WARN  Expression evaluation will not work.[0m
2022.06.23 21:59:28 INFO  tracing is disabled for protocol dap-server, to enable tracing of incoming and outgoing JSON messages create an empty file at /home/yanov2708/dev/labbbb_1/.metals/dap-server.trace.json or /home/yanov2708/.cache/metals/dap-server.trace.json[0m
2022.06.23 21:59:28 INFO  tracing is disabled for protocol dap-client, to enable tracing of incoming and outgoing JSON messages create an empty file at /home/yanov2708/dev/labbbb_1/.metals/dap-client.trace.json or /home/yanov2708/.cache/metals/dap-client.trace.json[0m
2022.06.23 21:59:28 INFO  Starting debug proxy for [MySuite(reverse)][0m
2022.06.23 21:59:28 INFO  Trying to attach to remote debuggee VM localhost:43019 .[0m
2022.06.23 21:59:28 INFO  Attaching to debuggee VM succeeded.[0m
2022.06.23 21:59:28 INFO  Canceling debug proxy for [MySuite(reverse)][0m
2022.06.23 21:59:29 INFO  Closing debug server tcp://0.0.0.0:45837[0m
2022.06.23 22:02:38 INFO  Deduplicating compilation of root from bsp client 'Metals 0.11.6' (since 5h 16m 49.284s)[0m
2022.06.23 22:02:38 INFO  Deduplicating compilation of root-test from bsp client 'Metals 0.11.6' (since 5h 16m 49.298s)[0m
2022.06.23 22:02:38 INFO  compiling root-test (1 scala source)[0m
2022.06.23 22:02:38 INFO  compiling root-test (1 scala source)[0m
2022.06.23 22:02:38 INFO  time: compiled root-test in 0.15s[0m
2022.06.23 22:02:38 INFO  compiling root-test (1 scala source)[0m
2022.06.23 22:02:38 INFO  time: compiled root-test in 0.13s[0m
Jun 23, 2022 10:02:38 PM org.eclipse.lsp4j.jsonrpc.RemoteEndpoint fallbackResponseError
SEVERE: Internal error: scala.meta.internal.metals.MetalsBspException: BSP connection failed in the attempt to get: DebugSessionAddress.  Compilation not successful
java.util.concurrent.CompletionException: scala.meta.internal.metals.MetalsBspException: BSP connection failed in the attempt to get: DebugSessionAddress.  Compilation not successful
	at java.util.concurrent.CompletableFuture.encodeThrowable(CompletableFuture.java:292)
	at java.util.concurrent.CompletableFuture.completeThrowable(CompletableFuture.java:308)
	at java.util.concurrent.CompletableFuture.uniAccept(CompletableFuture.java:661)
	at java.util.concurrent.CompletableFuture$UniAccept.tryFire(CompletableFuture.java:646)
	at java.util.concurrent.CompletableFuture.postComplete(CompletableFuture.java:488)
	at java.util.concurrent.CompletableFuture.completeExceptionally(CompletableFuture.java:1990)
	at scala.concurrent.java8.FuturesConvertersImpl$CF.apply(FutureConvertersImpl.scala:29)
	at scala.concurrent.java8.FuturesConvertersImpl$CF.apply(FutureConvertersImpl.scala:26)
	at scala.concurrent.impl.Promise$Transformation.run(Promise.scala:484)
	at scala.concurrent.ExecutionContext$parasitic$.execute(ExecutionContext.scala:222)
	at scala.concurrent.impl.Promise$Transformation.submitWithValue(Promise.scala:429)
	at scala.concurrent.impl.Promise$DefaultPromise.submitWithValue(Promise.scala:338)
	at scala.concurrent.impl.Promise$DefaultPromise.tryComplete0(Promise.scala:285)
	at scala.concurrent.impl.Promise$Transformation.run(Promise.scala:504)
	at java.util.concurrent.ThreadPoolExecutor.runWorker(ThreadPoolExecutor.java:1149)
	at java.util.concurrent.ThreadPoolExecutor$Worker.run(ThreadPoolExecutor.java:624)
	at java.lang.Thread.run(Thread.java:748)
Caused by: scala.meta.internal.metals.MetalsBspException: BSP connection failed in the attempt to get: DebugSessionAddress.  Compilation not successful
	at scala.meta.internal.metals.BuildServerConnection$$anonfun$1.$anonfun$applyOrElse$4(BuildServerConnection.scala:300)
	at scala.Option.getOrElse(Option.scala:201)
	at scala.meta.internal.metals.BuildServerConnection$$anonfun$1.applyOrElse(BuildServerConnection.scala:298)
	at scala.meta.internal.metals.BuildServerConnection$$anonfun$1.applyOrElse(BuildServerConnection.scala:286)
	at scala.concurrent.impl.Promise$Transformation.run(Promise.scala:490)
	... 3 more

2022.06.23 22:02:45 INFO  Deduplicating compilation of root from bsp client 'Metals 0.11.6' (since 5h 16m 56.71s)[0m
2022.06.23 22:02:45 INFO  Deduplicating compilation of root-test from bsp client 'Metals 0.11.6' (since 5h 16m 56.721s)[0m
2022.06.23 22:02:45 INFO  compiling root-test (1 scala source)[0m
2022.06.23 22:02:45 INFO  compiling root-test (1 scala source)[0m
2022.06.23 22:02:45 INFO  time: compiled root-test in 82ms[0m
2022.06.23 22:02:45 INFO  compiling root-test (1 scala source)[0m
2022.06.23 22:02:45 INFO  time: compiled root-test in 83ms[0m
Jun 23, 2022 10:02:45 PM org.eclipse.lsp4j.jsonrpc.RemoteEndpoint fallbackResponseError
SEVERE: Internal error: scala.meta.internal.metals.MetalsBspException: BSP connection failed in the attempt to get: DebugSessionAddress.  Compilation not successful
java.util.concurrent.CompletionException: scala.meta.internal.metals.MetalsBspException: BSP connection failed in the attempt to get: DebugSessionAddress.  Compilation not successful
	at java.util.concurrent.CompletableFuture.encodeThrowable(CompletableFuture.java:292)
	at java.util.concurrent.CompletableFuture.completeThrowable(CompletableFuture.java:308)
	at java.util.concurrent.CompletableFuture.uniAccept(CompletableFuture.java:661)
	at java.util.concurrent.CompletableFuture$UniAccept.tryFire(CompletableFuture.java:646)
	at java.util.concurrent.CompletableFuture.postComplete(CompletableFuture.java:488)
	at java.util.concurrent.CompletableFuture.completeExceptionally(CompletableFuture.java:1990)
	at scala.concurrent.java8.FuturesConvertersImpl$CF.apply(FutureConvertersImpl.scala:29)
	at scala.concurrent.java8.FuturesConvertersImpl$CF.apply(FutureConvertersImpl.scala:26)
	at scala.concurrent.impl.Promise$Transformation.run(Promise.scala:484)
	at scala.concurrent.ExecutionContext$parasitic$.execute(ExecutionContext.scala:222)
	at scala.concurrent.impl.Promise$Transformation.submitWithValue(Promise.scala:429)
	at scala.concurrent.impl.Promise$DefaultPromise.submitWithValue(Promise.scala:338)
	at scala.concurrent.impl.Promise$DefaultPromise.tryComplete0(Promise.scala:285)
	at scala.concurrent.impl.Promise$Transformation.run(Promise.scala:504)
	at java.util.concurrent.ThreadPoolExecutor.runWorker(ThreadPoolExecutor.java:1149)
	at java.util.concurrent.ThreadPoolExecutor$Worker.run(ThreadPoolExecutor.java:624)
	at java.lang.Thread.run(Thread.java:748)
Caused by: scala.meta.internal.metals.MetalsBspException: BSP connection failed in the attempt to get: DebugSessionAddress.  Compilation not successful
	at scala.meta.internal.metals.BuildServerConnection$$anonfun$1.$anonfun$applyOrElse$4(BuildServerConnection.scala:300)
	at scala.Option.getOrElse(Option.scala:201)
	at scala.meta.internal.metals.BuildServerConnection$$anonfun$1.applyOrElse(BuildServerConnection.scala:298)
	at scala.meta.internal.metals.BuildServerConnection$$anonfun$1.applyOrElse(BuildServerConnection.scala:286)
	at scala.concurrent.impl.Promise$Transformation.run(Promise.scala:490)
	... 3 more

2022.06.23 22:02:48 INFO  Deduplicating compilation of root from bsp client 'Metals 0.11.6' (since 5h 17m 0.077s)[0m
2022.06.23 22:02:48 INFO  Deduplicating compilation of root-test from bsp client 'Metals 0.11.6' (since 5h 17m 0.085s)[0m
2022.06.23 22:02:48 INFO  compiling root-test (1 scala source)[0m
2022.06.23 22:02:48 INFO  compiling root-test (1 scala source)[0m
2022.06.23 22:02:48 INFO  time: compiled root-test in 72ms[0m
2022.06.23 22:02:48 INFO  compiling root-test (1 scala source)[0m
2022.06.23 22:02:48 INFO  time: compiled root-test in 71ms[0m
Jun 23, 2022 10:02:49 PM org.eclipse.lsp4j.jsonrpc.RemoteEndpoint fallbackResponseError
SEVERE: Internal error: scala.meta.internal.metals.MetalsBspException: BSP connection failed in the attempt to get: DebugSessionAddress.  Compilation not successful
java.util.concurrent.CompletionException: scala.meta.internal.metals.MetalsBspException: BSP connection failed in the attempt to get: DebugSessionAddress.  Compilation not successful
	at java.util.concurrent.CompletableFuture.encodeThrowable(CompletableFuture.java:292)
	at java.util.concurrent.CompletableFuture.completeThrowable(CompletableFuture.java:308)
	at java.util.concurrent.CompletableFuture.uniAccept(CompletableFuture.java:661)
	at java.util.concurrent.CompletableFuture$UniAccept.tryFire(CompletableFuture.java:646)
	at java.util.concurrent.CompletableFuture.postComplete(CompletableFuture.java:488)
	at java.util.concurrent.CompletableFuture.completeExceptionally(CompletableFuture.java:1990)
	at scala.concurrent.java8.FuturesConvertersImpl$CF.apply(FutureConvertersImpl.scala:29)
	at scala.concurrent.java8.FuturesConvertersImpl$CF.apply(FutureConvertersImpl.scala:26)
	at scala.concurrent.impl.Promise$Transformation.run(Promise.scala:484)
	at scala.concurrent.ExecutionContext$parasitic$.execute(ExecutionContext.scala:222)
	at scala.concurrent.impl.Promise$Transformation.submitWithValue(Promise.scala:429)
	at scala.concurrent.impl.Promise$DefaultPromise.submitWithValue(Promise.scala:338)
	at scala.concurrent.impl.Promise$DefaultPromise.tryComplete0(Promise.scala:285)
	at scala.concurrent.impl.Promise$Transformation.run(Promise.scala:504)
	at java.util.concurrent.ThreadPoolExecutor.runWorker(ThreadPoolExecutor.java:1149)
	at java.util.concurrent.ThreadPoolExecutor$Worker.run(ThreadPoolExecutor.java:624)
	at java.lang.Thread.run(Thread.java:748)
Caused by: scala.meta.internal.metals.MetalsBspException: BSP connection failed in the attempt to get: DebugSessionAddress.  Compilation not successful
	at scala.meta.internal.metals.BuildServerConnection$$anonfun$1.$anonfun$applyOrElse$4(BuildServerConnection.scala:300)
	at scala.Option.getOrElse(Option.scala:201)
	at scala.meta.internal.metals.BuildServerConnection$$anonfun$1.applyOrElse(BuildServerConnection.scala:298)
	at scala.meta.internal.metals.BuildServerConnection$$anonfun$1.applyOrElse(BuildServerConnection.scala:286)
	at scala.concurrent.impl.Promise$Transformation.run(Promise.scala:490)
	... 3 more

2022.06.23 22:03:03 INFO  compiling root-test (1 scala source)[0m
2022.06.23 22:03:03 INFO  time: compiled root-test in 99ms[0m
2022.06.23 22:03:03 INFO  compiling root-test (1 scala source)[0m
2022.06.23 22:03:03 INFO  time: compiled root-test in 0.14s[0m
2022.06.23 22:03:03 INFO  compiling root-test (1 scala source)[0m
2022.06.23 22:03:03 INFO  time: compiled root-test in 0.11s[0m
2022.06.23 22:03:21 INFO  Deduplicating compilation of root from bsp client 'Metals 0.11.6' (since 5h 17m 32.844s)[0m
2022.06.23 22:03:21 INFO  Deduplicating compilation of root-test from bsp client 'Metals 0.11.6' (since 5h 17m 32.852s)[0m
2022.06.23 22:03:21 INFO  compiling root-test (1 scala source)[0m
2022.06.23 22:03:21 INFO  compiling root-test (1 scala source)[0m
2022.06.23 22:03:21 INFO  time: compiled root-test in 0.19s[0m
2022.06.23 22:03:21 WARN  Error downloading ch.epfl.scala:scala-expression-compiler_3.1.3:2.2.0-M1
  not found: /home/yanov2708/.ivy2/local/ch.epfl.scala/scala-expression-compiler_3.1.3/2.2.0-M1/ivys/ivy.xml
  not found: https://repo1.maven.org/maven2/ch/epfl/scala/scala-expression-compiler_3.1.3/2.2.0-M1/scala-expression-compiler_3.1.3-2.2.0-M1.pom[0m
2022.06.23 22:03:21 WARN  Expression evaluation will not work.[0m
2022.06.23 22:03:22 INFO  tracing is disabled for protocol dap-server, to enable tracing of incoming and outgoing JSON messages create an empty file at /home/yanov2708/dev/labbbb_1/.metals/dap-server.trace.json or /home/yanov2708/.cache/metals/dap-server.trace.json[0m
2022.06.23 22:03:22 INFO  tracing is disabled for protocol dap-client, to enable tracing of incoming and outgoing JSON messages create an empty file at /home/yanov2708/dev/labbbb_1/.metals/dap-client.trace.json or /home/yanov2708/.cache/metals/dap-client.trace.json[0m
2022.06.23 22:03:22 INFO  Starting debug proxy for [MySuite(filter)][0m
2022.06.23 22:03:21 INFO  Trying to attach to remote debuggee VM localhost:36059 .[0m
2022.06.23 22:03:21 INFO  Attaching to debuggee VM succeeded.[0m
2022.06.23 22:03:22 INFO  Closing debug server tcp://0.0.0.0:33563[0m
2022.06.23 22:03:22 INFO  Canceling debug proxy for [MySuite(filter)][0m
2022.06.23 22:03:30 INFO  Deduplicating compilation of root from bsp client 'Metals 0.11.6' (since 5h 17m 41.84s)[0m
2022.06.23 22:03:30 INFO  compiling root-test (1 scala source)[0m
2022.06.23 22:03:30 INFO  Deduplicating compilation of root-test from bsp client 'Metals 0.11.6' (since 5h 17m 41.855s)[0m
2022.06.23 22:03:30 INFO  compiling root-test (1 scala source)[0m
2022.06.23 22:03:30 INFO  time: compiled root-test in 0.18s[0m
2022.06.23 22:03:30 WARN  Error downloading ch.epfl.scala:scala-expression-compiler_3.1.3:2.2.0-M1
  not found: /home/yanov2708/.ivy2/local/ch.epfl.scala/scala-expression-compiler_3.1.3/2.2.0-M1/ivys/ivy.xml
  not found: https://repo1.maven.org/maven2/ch/epfl/scala/scala-expression-compiler_3.1.3/2.2.0-M1/scala-expression-compiler_3.1.3-2.2.0-M1.pom[0m
2022.06.23 22:03:30 WARN  Expression evaluation will not work.[0m
2022.06.23 22:03:30 INFO  tracing is disabled for protocol dap-server, to enable tracing of incoming and outgoing JSON messages create an empty file at /home/yanov2708/dev/labbbb_1/.metals/dap-server.trace.json or /home/yanov2708/.cache/metals/dap-server.trace.json[0m
2022.06.23 22:03:30 INFO  tracing is disabled for protocol dap-client, to enable tracing of incoming and outgoing JSON messages create an empty file at /home/yanov2708/dev/labbbb_1/.metals/dap-client.trace.json or /home/yanov2708/.cache/metals/dap-client.trace.json[0m
2022.06.23 22:03:31 INFO  Starting debug proxy for [MySuite(filter)][0m
2022.06.23 22:03:30 INFO  Trying to attach to remote debuggee VM localhost:36119 .[0m
2022.06.23 22:03:30 INFO  Attaching to debuggee VM succeeded.[0m
2022.06.23 22:03:31 INFO  Canceling debug proxy for [MySuite(filter)][0m
2022.06.23 22:03:31 INFO  Closing debug server tcp://0.0.0.0:38709[0m
2022.06.23 22:04:06 INFO  Deduplicating compilation of root from bsp client 'Metals 0.11.6' (since 5h 18m 17.724s)[0m
2022.06.23 22:04:06 INFO  compiling root-test (1 scala source)[0m
2022.06.23 22:04:06 INFO  Deduplicating compilation of root-test from bsp client 'Metals 0.11.6' (since 5h 18m 17.741s)[0m
2022.06.23 22:04:06 INFO  compiling root-test (1 scala source)[0m
2022.06.23 22:04:06 INFO  time: compiled root-test in 0.2s[0m
2022.06.23 22:04:06 WARN  Error downloading ch.epfl.scala:scala-expression-compiler_3.1.3:2.2.0-M1
  not found: /home/yanov2708/.ivy2/local/ch.epfl.scala/scala-expression-compiler_3.1.3/2.2.0-M1/ivys/ivy.xml
  not found: https://repo1.maven.org/maven2/ch/epfl/scala/scala-expression-compiler_3.1.3/2.2.0-M1/scala-expression-compiler_3.1.3-2.2.0-M1.pom[0m
2022.06.23 22:04:06 WARN  Expression evaluation will not work.[0m
2022.06.23 22:04:06 INFO  tracing is disabled for protocol dap-server, to enable tracing of incoming and outgoing JSON messages create an empty file at /home/yanov2708/dev/labbbb_1/.metals/dap-server.trace.json or /home/yanov2708/.cache/metals/dap-server.trace.json[0m
2022.06.23 22:04:06 INFO  tracing is disabled for protocol dap-client, to enable tracing of incoming and outgoing JSON messages create an empty file at /home/yanov2708/dev/labbbb_1/.metals/dap-client.trace.json or /home/yanov2708/.cache/metals/dap-client.trace.json[0m
2022.06.23 22:04:07 INFO  Starting debug proxy for [MySuite(filter)][0m
2022.06.23 22:04:06 INFO  Trying to attach to remote debuggee VM localhost:36343 .[0m
2022.06.23 22:04:06 INFO  Attaching to debuggee VM succeeded.[0m
2022.06.23 22:04:07 INFO  Canceling debug proxy for [MySuite(filter)][0m
2022.06.23 22:04:07 INFO  Closing debug server tcp://0.0.0.0:35589[0m
2022.06.23 22:05:18 INFO  compiling root-test (1 scala source)[0m
2022.06.23 22:05:18 INFO  time: compiled root-test in 73ms[0m
2022.06.23 22:05:30 INFO  compiling root-test (1 scala source)[0m
2022.06.23 22:05:30 INFO  time: compiled root-test in 80ms[0m
2022.06.23 22:08:56 INFO  compiling root (1 scala source)[0m
2022.06.23 22:08:56 INFO  time: compiled root in 0.4s[0m
2022.06.23 22:09:17 INFO  compiling root (1 scala source)[0m
2022.06.23 22:09:17 INFO  time: compiled root in 0.41s[0m
Jun 23, 2022 10:09:25 PM org.eclipse.lsp4j.jsonrpc.RemoteEndpoint handleCancellation
WARNING: Unmatched cancel notification for request id 6217
2022.06.23 22:09:28 INFO  compiling root (1 scala source)[0m
2022.06.23 22:09:28 INFO  time: compiled root in 0.46s[0m
2022.06.23 22:09:34 INFO  compiling root (1 scala source)[0m
2022.06.23 22:09:34 INFO  time: compiled root in 0.38s[0m
2022.06.23 22:10:04 INFO  compiling root (1 scala source)[0m
2022.06.23 22:10:04 INFO  time: compiled root in 0.41s[0m
2022.06.23 22:10:08 INFO  compiling root (1 scala source)[0m
2022.06.23 22:10:08 INFO  time: compiled root in 0.44s[0m
2022.06.23 22:10:15 INFO  compiling root (1 scala source)[0m
2022.06.23 22:10:15 INFO  time: compiled root in 0.34s[0m
2022.06.23 22:10:28 INFO  compiling root (1 scala source)[0m
2022.06.23 22:10:28 INFO  time: compiled root in 0.49s[0m
2022.06.23 22:10:34 INFO  compiling root (1 scala source)[0m
2022.06.23 22:10:34 INFO  time: compiled root in 0.37s[0m
2022.06.23 22:10:58 INFO  compiling root (1 scala source)[0m
2022.06.23 22:10:58 INFO  time: compiled root in 0.46s[0m
2022.06.23 22:11:48 INFO  compiling root-test (1 scala source)[0m
2022.06.23 22:11:48 INFO  time: compiled root-test in 77ms[0m
2022.06.23 22:11:58 INFO  compiling root-test (1 scala source)[0m
2022.06.23 22:11:58 INFO  time: compiled root-test in 73ms[0m
2022.06.23 22:13:23 INFO  compiling root-test (1 scala source)[0m
2022.06.23 22:13:23 INFO  time: compiled root-test in 74ms[0m
2022.06.23 22:13:25 INFO  compiling root-test (1 scala source)[0m
2022.06.23 22:13:25 INFO  time: compiled root-test in 67ms[0m
2022.06.23 22:16:33 INFO  Deduplicating compilation of root from bsp client 'Metals 0.11.6' (since 5h 30m 45.166s)[0m
2022.06.23 22:16:33 INFO  compiling root (1 scala source)[0m
2022.06.23 22:16:33 INFO  compiling root (1 scala source)[0m
2022.06.23 22:16:33 INFO  time: compiled root in 0.43s[0m
2022.06.23 22:16:33 INFO  Deduplicating compilation of root-test from bsp client 'Metals 0.11.6' (since 5h 30m 45.63s)[0m
2022.06.23 22:16:33 INFO  compiling root-test (1 scala source)[0m
2022.06.23 22:16:33 INFO  compiling root-test (1 scala source)[0m
2022.06.23 22:16:33 INFO  time: compiled root-test in 90ms[0m
2022.06.23 22:16:33 INFO  Deduplicating compilation of root from bsp client 'Metals 0.11.6' (since 5h 30m 45.776s)[0m
2022.06.23 22:16:33 INFO  compiling root-test (1 scala source)[0m
2022.06.23 22:16:33 INFO  time: compiled root-test in 91ms[0m
Jun 23, 2022 10:16:34 PM org.eclipse.lsp4j.jsonrpc.RemoteEndpoint fallbackResponseError
SEVERE: Internal error: scala.meta.internal.metals.MetalsBspException: BSP connection failed in the attempt to get: DebugSessionAddress.  Compilation not successful
java.util.concurrent.CompletionException: scala.meta.internal.metals.MetalsBspException: BSP connection failed in the attempt to get: DebugSessionAddress.  Compilation not successful
	at java.util.concurrent.CompletableFuture.encodeThrowable(CompletableFuture.java:292)
	at java.util.concurrent.CompletableFuture.completeThrowable(CompletableFuture.java:308)
	at java.util.concurrent.CompletableFuture.uniAccept(CompletableFuture.java:661)
	at java.util.concurrent.CompletableFuture$UniAccept.tryFire(CompletableFuture.java:646)
	at java.util.concurrent.CompletableFuture.postComplete(CompletableFuture.java:488)
	at java.util.concurrent.CompletableFuture.completeExceptionally(CompletableFuture.java:1990)
	at scala.concurrent.java8.FuturesConvertersImpl$CF.apply(FutureConvertersImpl.scala:29)
	at scala.concurrent.java8.FuturesConvertersImpl$CF.apply(FutureConvertersImpl.scala:26)
	at scala.concurrent.impl.Promise$Transformation.run(Promise.scala:484)
	at scala.concurrent.ExecutionContext$parasitic$.execute(ExecutionContext.scala:222)
	at scala.concurrent.impl.Promise$Transformation.submitWithValue(Promise.scala:429)
	at scala.concurrent.impl.Promise$DefaultPromise.submitWithValue(Promise.scala:338)
	at scala.concurrent.impl.Promise$DefaultPromise.tryComplete0(Promise.scala:285)
	at scala.concurrent.impl.Promise$Transformation.run(Promise.scala:504)
	at java.util.concurrent.ThreadPoolExecutor.runWorker(ThreadPoolExecutor.java:1149)
	at java.util.concurrent.ThreadPoolExecutor$Worker.run(ThreadPoolExecutor.java:624)
	at java.lang.Thread.run(Thread.java:748)
Caused by: scala.meta.internal.metals.MetalsBspException: BSP connection failed in the attempt to get: DebugSessionAddress.  Compilation not successful
	at scala.meta.internal.metals.BuildServerConnection$$anonfun$1.$anonfun$applyOrElse$4(BuildServerConnection.scala:300)
	at scala.Option.getOrElse(Option.scala:201)
	at scala.meta.internal.metals.BuildServerConnection$$anonfun$1.applyOrElse(BuildServerConnection.scala:298)
	at scala.meta.internal.metals.BuildServerConnection$$anonfun$1.applyOrElse(BuildServerConnection.scala:286)
	at scala.concurrent.impl.Promise$Transformation.run(Promise.scala:490)
	... 3 more

2022.06.23 22:17:49 INFO  compiling root-test (1 scala source)[0m
2022.06.23 22:17:49 INFO  time: compiled root-test in 84ms[0m
2022.06.23 22:19:28 INFO  compiling root-test (1 scala source)[0m
2022.06.23 22:19:28 INFO  time: compiled root-test in 72ms[0m
2022.06.23 22:20:30 INFO  compiling root-test (1 scala source)[0m
2022.06.23 22:20:30 INFO  time: compiled root-test in 86ms[0m
2022.06.23 22:20:32 INFO  compiling root-test (1 scala source)[0m
2022.06.23 22:20:32 INFO  time: compiled root-test in 71ms[0m
2022.06.23 22:22:00 INFO  compiling root-test (1 scala source)[0m
2022.06.23 22:22:00 INFO  time: compiled root-test in 71ms[0m
2022.06.23 22:22:30 INFO  compiling root (1 scala source)[0m
2022.06.23 22:22:30 INFO  time: compiled root in 0.37s[0m
2022.06.23 22:22:49 INFO  compiling root (1 scala source)[0m
2022.06.23 22:22:49 INFO  time: compiled root in 0.34s[0m
2022.06.23 22:23:00 INFO  compiling root (1 scala source)[0m
2022.06.23 22:23:00 INFO  time: compiled root in 0.44s[0m
2022.06.23 22:23:33 INFO  compiling root (1 scala source)[0m
2022.06.23 22:23:33 INFO  Deduplicating compilation of root from bsp client 'Metals 0.11.6' (since 5h 37m 44.697s)[0m
2022.06.23 22:23:33 INFO  compiling root (1 scala source)[0m
2022.06.23 22:23:33 INFO  time: compiled root in 0.29s[0m
2022.06.23 22:23:33 INFO  compiling root-test (1 scala source)[0m
2022.06.23 22:23:33 INFO  time: compiled root-test in 94ms[0m
2022.06.23 22:23:33 WARN  Error downloading ch.epfl.scala:scala-expression-compiler_3.1.3:2.2.0-M1
  not found: /home/yanov2708/.ivy2/local/ch.epfl.scala/scala-expression-compiler_3.1.3/2.2.0-M1/ivys/ivy.xml
  not found: https://repo1.maven.org/maven2/ch/epfl/scala/scala-expression-compiler_3.1.3/2.2.0-M1/scala-expression-compiler_3.1.3-2.2.0-M1.pom[0m
2022.06.23 22:23:33 WARN  Expression evaluation will not work.[0m
2022.06.23 22:23:34 INFO  tracing is disabled for protocol dap-server, to enable tracing of incoming and outgoing JSON messages create an empty file at /home/yanov2708/dev/labbbb_1/.metals/dap-server.trace.json or /home/yanov2708/.cache/metals/dap-server.trace.json[0m
2022.06.23 22:23:34 INFO  tracing is disabled for protocol dap-client, to enable tracing of incoming and outgoing JSON messages create an empty file at /home/yanov2708/dev/labbbb_1/.metals/dap-client.trace.json or /home/yanov2708/.cache/metals/dap-client.trace.json[0m
2022.06.23 22:23:34 INFO  Starting debug proxy for [MyList.main][0m
2022.06.23 22:23:34 INFO  Trying to attach to remote debuggee VM localhost:42301 .[0m
2022.06.23 22:23:34 INFO  Attaching to debuggee VM succeeded.[0m
2022.06.23 22:23:34 INFO  Canceling debug proxy for [MyList.main][0m
2022.06.23 22:23:34 INFO  Closing debug server tcp://0.0.0.0:46839[0m
2022.06.23 22:25:50 INFO  compiling root-test (1 scala source)[0m
2022.06.23 22:25:50 INFO  time: compiled root-test in 69ms[0m
2022.06.23 22:39:02 INFO  Deduplicating compilation of root from bsp client 'Metals 0.11.6' (since 5h 53m 13.677s)[0m
2022.06.23 22:39:02 INFO  compiling root (1 scala source)[0m
2022.06.23 22:39:02 INFO  compiling root (1 scala source)[0m
2022.06.23 22:39:02 INFO  time: compiled root in 0.35s[0m
2022.06.23 22:39:02 INFO  compiling root-test (1 scala source)[0m
2022.06.23 22:39:02 INFO  time: compiled root-test in 90ms[0m
2022.06.23 22:39:02 WARN  Error downloading ch.epfl.scala:scala-expression-compiler_3.1.3:2.2.0-M1
  not found: /home/yanov2708/.ivy2/local/ch.epfl.scala/scala-expression-compiler_3.1.3/2.2.0-M1/ivys/ivy.xml
  not found: https://repo1.maven.org/maven2/ch/epfl/scala/scala-expression-compiler_3.1.3/2.2.0-M1/scala-expression-compiler_3.1.3-2.2.0-M1.pom[0m
2022.06.23 22:39:02 WARN  Expression evaluation will not work.[0m
2022.06.23 22:39:03 INFO  tracing is disabled for protocol dap-server, to enable tracing of incoming and outgoing JSON messages create an empty file at /home/yanov2708/dev/labbbb_1/.metals/dap-server.trace.json or /home/yanov2708/.cache/metals/dap-server.trace.json[0m
2022.06.23 22:39:02 INFO  compiling root-test (1 scala source)[0m
2022.06.23 22:39:03 INFO  time: compiled root-test in 0.11s[0m
2022.06.23 22:39:03 INFO  tracing is disabled for protocol dap-client, to enable tracing of incoming and outgoing JSON messages create an empty file at /home/yanov2708/dev/labbbb_1/.metals/dap-client.trace.json or /home/yanov2708/.cache/metals/dap-client.trace.json[0m
2022.06.23 22:39:03 INFO  Starting debug proxy for [MyList.main][0m
2022.06.23 22:39:03 INFO  Trying to attach to remote debuggee VM localhost:37285 .[0m
2022.06.23 22:39:03 INFO  Attaching to debuggee VM succeeded.[0m
2022.06.23 22:39:03 INFO  Canceling debug proxy for [MyList.main][0m
2022.06.23 22:39:03 INFO  Closing debug server tcp://0.0.0.0:43397[0m
2022.06.23 22:40:11 INFO  Deduplicating compilation of root from bsp client 'Metals 0.11.6' (since 5h 54m 22.687s)[0m
2022.06.23 22:40:11 INFO  compiling root-test (1 scala source)[0m
2022.06.23 22:40:11 INFO  Deduplicating compilation of root-test from bsp client 'Metals 0.11.6' (since 5h 54m 22.709s)[0m
2022.06.23 22:40:11 INFO  compiling root-test (1 scala source)[0m
2022.06.23 22:40:11 INFO  time: compiled root-test in 74ms[0m
2022.06.23 22:40:11 INFO  compiling root-test (1 scala source)[0m
2022.06.23 22:40:11 INFO  time: compiled root-test in 67ms[0m
Jun 23, 2022 10:40:11 PM org.eclipse.lsp4j.jsonrpc.RemoteEndpoint fallbackResponseError
SEVERE: Internal error: scala.meta.internal.metals.MetalsBspException: BSP connection failed in the attempt to get: DebugSessionAddress.  Compilation not successful
java.util.concurrent.CompletionException: scala.meta.internal.metals.MetalsBspException: BSP connection failed in the attempt to get: DebugSessionAddress.  Compilation not successful
	at java.util.concurrent.CompletableFuture.encodeThrowable(CompletableFuture.java:292)
	at java.util.concurrent.CompletableFuture.completeThrowable(CompletableFuture.java:308)
	at java.util.concurrent.CompletableFuture.uniAccept(CompletableFuture.java:661)
	at java.util.concurrent.CompletableFuture$UniAccept.tryFire(CompletableFuture.java:646)
	at java.util.concurrent.CompletableFuture.postComplete(CompletableFuture.java:488)
	at java.util.concurrent.CompletableFuture.completeExceptionally(CompletableFuture.java:1990)
	at scala.concurrent.java8.FuturesConvertersImpl$CF.apply(FutureConvertersImpl.scala:29)
	at scala.concurrent.java8.FuturesConvertersImpl$CF.apply(FutureConvertersImpl.scala:26)
	at scala.concurrent.impl.Promise$Transformation.run(Promise.scala:484)
	at scala.concurrent.ExecutionContext$parasitic$.execute(ExecutionContext.scala:222)
	at scala.concurrent.impl.Promise$Transformation.submitWithValue(Promise.scala:429)
	at scala.concurrent.impl.Promise$DefaultPromise.submitWithValue(Promise.scala:338)
	at scala.concurrent.impl.Promise$DefaultPromise.tryComplete0(Promise.scala:285)
	at scala.concurrent.impl.Promise$Transformation.run(Promise.scala:504)
	at java.util.concurrent.ThreadPoolExecutor.runWorker(ThreadPoolExecutor.java:1149)
	at java.util.concurrent.ThreadPoolExecutor$Worker.run(ThreadPoolExecutor.java:624)
	at java.lang.Thread.run(Thread.java:748)
Caused by: scala.meta.internal.metals.MetalsBspException: BSP connection failed in the attempt to get: DebugSessionAddress.  Compilation not successful
	at scala.meta.internal.metals.BuildServerConnection$$anonfun$1.$anonfun$applyOrElse$4(BuildServerConnection.scala:300)
	at scala.Option.getOrElse(Option.scala:201)
	at scala.meta.internal.metals.BuildServerConnection$$anonfun$1.applyOrElse(BuildServerConnection.scala:298)
	at scala.meta.internal.metals.BuildServerConnection$$anonfun$1.applyOrElse(BuildServerConnection.scala:286)
	at scala.concurrent.impl.Promise$Transformation.run(Promise.scala:490)
	... 3 more

2022.06.23 22:40:18 INFO  Deduplicating compilation of root from bsp client 'Metals 0.11.6' (since 5h 54m 29.857s)[0m
2022.06.23 22:40:18 INFO  Deduplicating compilation of root-test from bsp client 'Metals 0.11.6' (since 5h 54m 29.864s)[0m
2022.06.23 22:40:18 INFO  compiling root-test (1 scala source)[0m
2022.06.23 22:40:18 INFO  compiling root-test (1 scala source)[0m
2022.06.23 22:40:18 INFO  time: compiled root-test in 62ms[0m
2022.06.23 22:40:18 INFO  compiling root-test (1 scala source)[0m
2022.06.23 22:40:18 INFO  time: compiled root-test in 63ms[0m
Jun 23, 2022 10:40:18 PM org.eclipse.lsp4j.jsonrpc.RemoteEndpoint fallbackResponseError
SEVERE: Internal error: scala.meta.internal.metals.MetalsBspException: BSP connection failed in the attempt to get: DebugSessionAddress.  Compilation not successful
java.util.concurrent.CompletionException: scala.meta.internal.metals.MetalsBspException: BSP connection failed in the attempt to get: DebugSessionAddress.  Compilation not successful
	at java.util.concurrent.CompletableFuture.encodeThrowable(CompletableFuture.java:292)
	at java.util.concurrent.CompletableFuture.completeThrowable(CompletableFuture.java:308)
	at java.util.concurrent.CompletableFuture.uniAccept(CompletableFuture.java:661)
	at java.util.concurrent.CompletableFuture$UniAccept.tryFire(CompletableFuture.java:646)
	at java.util.concurrent.CompletableFuture.postComplete(CompletableFuture.java:488)
	at java.util.concurrent.CompletableFuture.completeExceptionally(CompletableFuture.java:1990)
	at scala.concurrent.java8.FuturesConvertersImpl$CF.apply(FutureConvertersImpl.scala:29)
	at scala.concurrent.java8.FuturesConvertersImpl$CF.apply(FutureConvertersImpl.scala:26)
	at scala.concurrent.impl.Promise$Transformation.run(Promise.scala:484)
	at scala.concurrent.ExecutionContext$parasitic$.execute(ExecutionContext.scala:222)
	at scala.concurrent.impl.Promise$Transformation.submitWithValue(Promise.scala:429)
	at scala.concurrent.impl.Promise$DefaultPromise.submitWithValue(Promise.scala:338)
	at scala.concurrent.impl.Promise$DefaultPromise.tryComplete0(Promise.scala:285)
	at scala.concurrent.impl.Promise$Transformation.run(Promise.scala:504)
	at java.util.concurrent.ThreadPoolExecutor.runWorker(ThreadPoolExecutor.java:1149)
	at java.util.concurrent.ThreadPoolExecutor$Worker.run(ThreadPoolExecutor.java:624)
	at java.lang.Thread.run(Thread.java:748)
Caused by: scala.meta.internal.metals.MetalsBspException: BSP connection failed in the attempt to get: DebugSessionAddress.  Compilation not successful
	at scala.meta.internal.metals.BuildServerConnection$$anonfun$1.$anonfun$applyOrElse$4(BuildServerConnection.scala:300)
	at scala.Option.getOrElse(Option.scala:201)
	at scala.meta.internal.metals.BuildServerConnection$$anonfun$1.applyOrElse(BuildServerConnection.scala:298)
	at scala.meta.internal.metals.BuildServerConnection$$anonfun$1.applyOrElse(BuildServerConnection.scala:286)
	at scala.concurrent.impl.Promise$Transformation.run(Promise.scala:490)
	... 3 more

2022.06.23 22:40:29 INFO  compiling root-test (1 scala source)[0m
2022.06.23 22:40:29 INFO  Deduplicating compilation of root-test from bsp client 'Metals 0.11.6' (since 5h 54m 40.947s)[0m
2022.06.23 22:40:29 INFO  compiling root-test (1 scala source)[0m
2022.06.23 22:40:29 INFO  time: compiled root-test in 69ms[0m
2022.06.23 22:40:29 INFO  compiling root-test (1 scala source)[0m
2022.06.23 22:40:29 INFO  time: compiled root-test in 71ms[0m
Jun 23, 2022 10:40:29 PM org.eclipse.lsp4j.jsonrpc.RemoteEndpoint fallbackResponseError
SEVERE: Internal error: scala.meta.internal.metals.MetalsBspException: BSP connection failed in the attempt to get: DebugSessionAddress.  Compilation not successful
java.util.concurrent.CompletionException: scala.meta.internal.metals.MetalsBspException: BSP connection failed in the attempt to get: DebugSessionAddress.  Compilation not successful
	at java.util.concurrent.CompletableFuture.encodeThrowable(CompletableFuture.java:292)
	at java.util.concurrent.CompletableFuture.completeThrowable(CompletableFuture.java:308)
	at java.util.concurrent.CompletableFuture.uniAccept(CompletableFuture.java:661)
	at java.util.concurrent.CompletableFuture$UniAccept.tryFire(CompletableFuture.java:646)
	at java.util.concurrent.CompletableFuture.postComplete(CompletableFuture.java:488)
	at java.util.concurrent.CompletableFuture.completeExceptionally(CompletableFuture.java:1990)
	at scala.concurrent.java8.FuturesConvertersImpl$CF.apply(FutureConvertersImpl.scala:29)
	at scala.concurrent.java8.FuturesConvertersImpl$CF.apply(FutureConvertersImpl.scala:26)
	at scala.concurrent.impl.Promise$Transformation.run(Promise.scala:484)
	at scala.concurrent.ExecutionContext$parasitic$.execute(ExecutionContext.scala:222)
	at scala.concurrent.impl.Promise$Transformation.submitWithValue(Promise.scala:429)
	at scala.concurrent.impl.Promise$DefaultPromise.submitWithValue(Promise.scala:338)
	at scala.concurrent.impl.Promise$DefaultPromise.tryComplete0(Promise.scala:285)
	at scala.concurrent.impl.Promise$Transformation.run(Promise.scala:504)
	at java.util.concurrent.ThreadPoolExecutor.runWorker(ThreadPoolExecutor.java:1149)
	at java.util.concurrent.ThreadPoolExecutor$Worker.run(ThreadPoolExecutor.java:624)
	at java.lang.Thread.run(Thread.java:748)
Caused by: scala.meta.internal.metals.MetalsBspException: BSP connection failed in the attempt to get: DebugSessionAddress.  Compilation not successful
	at scala.meta.internal.metals.BuildServerConnection$$anonfun$1.$anonfun$applyOrElse$4(BuildServerConnection.scala:300)
	at scala.Option.getOrElse(Option.scala:201)
	at scala.meta.internal.metals.BuildServerConnection$$anonfun$1.applyOrElse(BuildServerConnection.scala:298)
	at scala.meta.internal.metals.BuildServerConnection$$anonfun$1.applyOrElse(BuildServerConnection.scala:286)
	at scala.concurrent.impl.Promise$Transformation.run(Promise.scala:490)
	... 3 more

2022.06.23 22:40:47 INFO  file:///home/yanov2708/dev/labbbb_1/src/test/scala/MySuite.scala:35:5: stale bloop error: missing argument for parameter ev of method assertEquals in trait Assertions: (implicit loc: munit.Location, ev: Option[Int] <:< Some[Int]): Unit
    assertEquals(obtained, expected)
    ^^^^^^^^^^^^^^^^^^^^^^^^^^^^^^^^[0m
2022.06.23 22:40:47 INFO  file:///home/yanov2708/dev/labbbb_1/src/test/scala/MySuite.scala:35:5: stale bloop error: missing argument for parameter ev of method assertEquals in trait Assertions: (implicit loc: munit.Location, ev: Option[Int] <:< Some[Int]): Unit
    assertEquals(obtained, expected)
    ^^^^^^^^^^^^^^^^^^^^^^^^^^^^^^^^[0m
2022.06.23 22:40:48 INFO  file:///home/yanov2708/dev/labbbb_1/src/test/scala/MySuite.scala:35:5: stale bloop error: missing argument for parameter ev of method assertEquals in trait Assertions: (implicit loc: munit.Location, ev: Option[Int] <:< Some[Int]): Unit
    assertEquals(obtained, expected)
    ^^^^^^^^^^^^^^^^^^^^^^^^^^^^^^^^[0m
2022.06.23 22:40:48 INFO  file:///home/yanov2708/dev/labbbb_1/src/test/scala/MySuite.scala:35:5: stale bloop error: missing argument for parameter ev of method assertEquals in trait Assertions: (implicit loc: munit.Location, ev: Option[Int] <:< Some[Int]): Unit
    assertEquals(obtained, expected)
    ^^^^^^^^^^^^^^^^^^^^^^^^^^^^^^^^[0m
2022.06.23 22:41:32 INFO  compiling root-test (1 scala source)[0m
2022.06.23 22:41:32 INFO  time: compiled root-test in 0.15s[0m
2022.06.23 22:41:37 INFO  Deduplicating compilation of root from bsp client 'Metals 0.11.6' (since 5h 55m 48.374s)[0m
2022.06.23 22:41:37 INFO  Deduplicating compilation of root-test from bsp client 'Metals 0.11.6' (since 5h 55m 48.38s)[0m
2022.06.23 22:41:37 WARN  Error downloading ch.epfl.scala:scala-expression-compiler_3.1.3:2.2.0-M1
  not found: /home/yanov2708/.ivy2/local/ch.epfl.scala/scala-expression-compiler_3.1.3/2.2.0-M1/ivys/ivy.xml
  not found: https://repo1.maven.org/maven2/ch/epfl/scala/scala-expression-compiler_3.1.3/2.2.0-M1/scala-expression-compiler_3.1.3-2.2.0-M1.pom[0m
2022.06.23 22:41:37 WARN  Expression evaluation will not work.[0m
2022.06.23 22:41:37 INFO  tracing is disabled for protocol dap-server, to enable tracing of incoming and outgoing JSON messages create an empty file at /home/yanov2708/dev/labbbb_1/.metals/dap-server.trace.json or /home/yanov2708/.cache/metals/dap-server.trace.json[0m
2022.06.23 22:41:37 INFO  tracing is disabled for protocol dap-client, to enable tracing of incoming and outgoing JSON messages create an empty file at /home/yanov2708/dev/labbbb_1/.metals/dap-client.trace.json or /home/yanov2708/.cache/metals/dap-client.trace.json[0m
2022.06.23 22:41:37 INFO  Starting debug proxy for [MySuite(reverse)][0m
2022.06.23 22:41:37 INFO  Trying to attach to remote debuggee VM localhost:43677 .[0m
2022.06.23 22:41:37 INFO  Attaching to debuggee VM succeeded.[0m
2022.06.23 22:41:37 INFO  Canceling debug proxy for [MySuite(reverse)][0m
2022.06.23 22:41:38 INFO  Closing debug server tcp://0.0.0.0:34859[0m
2022.06.23 22:42:38 INFO  Deduplicating compilation of root from bsp client 'Metals 0.11.6' (since 5h 56m 49.873s)[0m
2022.06.23 22:42:38 INFO  compiling root-test (1 scala source)[0m
2022.06.23 22:42:38 INFO  Deduplicating compilation of root-test from bsp client 'Metals 0.11.6' (since 5h 56m 49.882s)[0m
2022.06.23 22:42:38 INFO  compiling root-test (1 scala source)[0m
2022.06.23 22:42:38 INFO  time: compiled root-test in 0.16s[0m
2022.06.23 22:42:38 WARN  Error downloading ch.epfl.scala:scala-expression-compiler_3.1.3:2.2.0-M1
  not found: /home/yanov2708/.ivy2/local/ch.epfl.scala/scala-expression-compiler_3.1.3/2.2.0-M1/ivys/ivy.xml
  not found: https://repo1.maven.org/maven2/ch/epfl/scala/scala-expression-compiler_3.1.3/2.2.0-M1/scala-expression-compiler_3.1.3-2.2.0-M1.pom[0m
2022.06.23 22:42:38 WARN  Expression evaluation will not work.[0m
2022.06.23 22:42:39 INFO  tracing is disabled for protocol dap-server, to enable tracing of incoming and outgoing JSON messages create an empty file at /home/yanov2708/dev/labbbb_1/.metals/dap-server.trace.json or /home/yanov2708/.cache/metals/dap-server.trace.json[0m
2022.06.23 22:42:39 INFO  tracing is disabled for protocol dap-client, to enable tracing of incoming and outgoing JSON messages create an empty file at /home/yanov2708/dev/labbbb_1/.metals/dap-client.trace.json or /home/yanov2708/.cache/metals/dap-client.trace.json[0m
2022.06.23 22:42:39 INFO  Starting debug proxy for [MySuite(reverse)][0m
2022.06.23 22:42:38 INFO  Trying to attach to remote debuggee VM localhost:39109 .[0m
2022.06.23 22:42:38 INFO  Attaching to debuggee VM succeeded.[0m
2022.06.23 22:42:39 INFO  Canceling debug proxy for [MySuite(reverse)][0m
2022.06.23 22:42:39 INFO  Closing debug server tcp://0.0.0.0:38767[0m
2022.06.23 22:42:46 INFO  Deduplicating compilation of root from bsp client 'Metals 0.11.6' (since 5h 56m 57.838s)[0m
2022.06.23 22:42:46 INFO  Deduplicating compilation of root-test from bsp client 'Metals 0.11.6' (since 5h 56m 57.844s)[0m
2022.06.23 22:42:46 INFO  compiling root-test (1 scala source)[0m
2022.06.23 22:42:46 INFO  compiling root-test (1 scala source)[0m
2022.06.23 22:42:46 INFO  time: compiled root-test in 0.18s[0m
2022.06.23 22:42:46 WARN  Error downloading ch.epfl.scala:scala-expression-compiler_3.1.3:2.2.0-M1
  not found: /home/yanov2708/.ivy2/local/ch.epfl.scala/scala-expression-compiler_3.1.3/2.2.0-M1/ivys/ivy.xml
  not found: https://repo1.maven.org/maven2/ch/epfl/scala/scala-expression-compiler_3.1.3/2.2.0-M1/scala-expression-compiler_3.1.3-2.2.0-M1.pom[0m
2022.06.23 22:42:46 WARN  Expression evaluation will not work.[0m
2022.06.23 22:42:46 INFO  tracing is disabled for protocol dap-server, to enable tracing of incoming and outgoing JSON messages create an empty file at /home/yanov2708/dev/labbbb_1/.metals/dap-server.trace.json or /home/yanov2708/.cache/metals/dap-server.trace.json[0m
2022.06.23 22:42:46 INFO  tracing is disabled for protocol dap-client, to enable tracing of incoming and outgoing JSON messages create an empty file at /home/yanov2708/dev/labbbb_1/.metals/dap-client.trace.json or /home/yanov2708/.cache/metals/dap-client.trace.json[0m
2022.06.23 22:42:47 INFO  Starting debug proxy for [MySuite(reverseNONE)][0m
2022.06.23 22:42:46 INFO  Trying to attach to remote debuggee VM localhost:36363 .[0m
2022.06.23 22:42:46 INFO  Attaching to debuggee VM succeeded.[0m
2022.06.23 22:42:47 INFO  Canceling debug proxy for [MySuite(reverseNONE)][0m
2022.06.23 22:42:47 INFO  Closing debug server tcp://0.0.0.0:42037[0m
2022.06.23 22:43:46 INFO  compiling root-test (1 scala source)[0m
2022.06.23 22:43:46 INFO  time: compiled root-test in 68ms[0m
2022.06.23 22:46:05 INFO  Deduplicating compilation of root from bsp client 'Metals 0.11.6' (since 6h 17.032s)[0m
2022.06.23 22:46:05 INFO  compiling root-test (1 scala source)[0m
2022.06.23 22:46:05 INFO  time: compiled root-test in 61ms[0m
2022.06.23 22:46:05 WARN  Error downloading ch.epfl.scala:scala-expression-compiler_3.1.3:2.2.0-M1
  not found: /home/yanov2708/.ivy2/local/ch.epfl.scala/scala-expression-compiler_3.1.3/2.2.0-M1/ivys/ivy.xml
  not found: https://repo1.maven.org/maven2/ch/epfl/scala/scala-expression-compiler_3.1.3/2.2.0-M1/scala-expression-compiler_3.1.3-2.2.0-M1.pom[0m
2022.06.23 22:46:05 WARN  Expression evaluation will not work.[0m
2022.06.23 22:46:06 INFO  tracing is disabled for protocol dap-server, to enable tracing of incoming and outgoing JSON messages create an empty file at /home/yanov2708/dev/labbbb_1/.metals/dap-server.trace.json or /home/yanov2708/.cache/metals/dap-server.trace.json[0m
2022.06.23 22:46:06 INFO  tracing is disabled for protocol dap-client, to enable tracing of incoming and outgoing JSON messages create an empty file at /home/yanov2708/dev/labbbb_1/.metals/dap-client.trace.json or /home/yanov2708/.cache/metals/dap-client.trace.json[0m
2022.06.23 22:46:06 INFO  Starting debug proxy for [MyList.main][0m
2022.06.23 22:46:05 INFO  Trying to attach to remote debuggee VM localhost:43729 .[0m
2022.06.23 22:46:05 INFO  Attaching to debuggee VM succeeded.[0m
2022.06.23 22:46:06 INFO  Canceling debug proxy for [MyList.main][0m
2022.06.23 22:46:05 INFO  Closing debug server tcp://0.0.0.0:42319[0m
2022.06.23 22:49:46 INFO  Deduplicating compilation of root from bsp client 'Metals 0.11.6' (since 6h 3m 58.011s)[0m
2022.06.23 22:49:46 INFO  compiling root-test (1 scala source)[0m
2022.06.23 22:49:46 INFO  time: compiled root-test in 59ms[0m
2022.06.23 22:49:46 WARN  Error downloading ch.epfl.scala:scala-expression-compiler_3.1.3:2.2.0-M1
  not found: /home/yanov2708/.ivy2/local/ch.epfl.scala/scala-expression-compiler_3.1.3/2.2.0-M1/ivys/ivy.xml
  not found: https://repo1.maven.org/maven2/ch/epfl/scala/scala-expression-compiler_3.1.3/2.2.0-M1/scala-expression-compiler_3.1.3-2.2.0-M1.pom[0m
2022.06.23 22:49:46 WARN  Expression evaluation will not work.[0m
2022.06.23 22:49:47 INFO  tracing is disabled for protocol dap-server, to enable tracing of incoming and outgoing JSON messages create an empty file at /home/yanov2708/dev/labbbb_1/.metals/dap-server.trace.json or /home/yanov2708/.cache/metals/dap-server.trace.json[0m
2022.06.23 22:49:47 INFO  tracing is disabled for protocol dap-client, to enable tracing of incoming and outgoing JSON messages create an empty file at /home/yanov2708/dev/labbbb_1/.metals/dap-client.trace.json or /home/yanov2708/.cache/metals/dap-client.trace.json[0m
2022.06.23 22:49:47 INFO  Starting debug proxy for [MyList.main][0m
2022.06.23 22:49:46 INFO  Trying to attach to remote debuggee VM localhost:38333 .[0m
2022.06.23 22:49:46 INFO  Attaching to debuggee VM succeeded.[0m
2022.06.23 22:49:47 INFO  Canceling debug proxy for [MyList.main][0m
2022.06.23 22:49:46 INFO  Closing debug server tcp://0.0.0.0:45861[0m
2022.06.23 22:54:19 INFO  Deduplicating compilation of root from bsp client 'Metals 0.11.6' (since 6h 8m 30.617s)[0m
2022.06.23 22:54:19 INFO  compiling root-test (1 scala source)[0m
2022.06.23 22:54:19 INFO  time: compiled root-test in 85ms[0m
2022.06.23 22:54:19 WARN  Error downloading ch.epfl.scala:scala-expression-compiler_3.1.3:2.2.0-M1
  not found: /home/yanov2708/.ivy2/local/ch.epfl.scala/scala-expression-compiler_3.1.3/2.2.0-M1/ivys/ivy.xml
  not found: https://repo1.maven.org/maven2/ch/epfl/scala/scala-expression-compiler_3.1.3/2.2.0-M1/scala-expression-compiler_3.1.3-2.2.0-M1.pom[0m
2022.06.23 22:54:19 WARN  Expression evaluation will not work.[0m
2022.06.23 22:54:19 INFO  tracing is disabled for protocol dap-server, to enable tracing of incoming and outgoing JSON messages create an empty file at /home/yanov2708/dev/labbbb_1/.metals/dap-server.trace.json or /home/yanov2708/.cache/metals/dap-server.trace.json[0m
2022.06.23 22:54:19 INFO  tracing is disabled for protocol dap-client, to enable tracing of incoming and outgoing JSON messages create an empty file at /home/yanov2708/dev/labbbb_1/.metals/dap-client.trace.json or /home/yanov2708/.cache/metals/dap-client.trace.json[0m
2022.06.23 22:54:19 INFO  Starting debug proxy for [MyList.main][0m
2022.06.23 22:54:19 INFO  Trying to attach to remote debuggee VM localhost:36085 .[0m
2022.06.23 22:54:19 INFO  Attaching to debuggee VM succeeded.[0m
2022.06.23 22:54:19 INFO  Canceling debug proxy for [MyList.main][0m
2022.06.23 22:54:19 INFO  Closing debug server tcp://0.0.0.0:40041[0m
2022.06.23 23:03:39 INFO  shutting down Metals[0m
2022.06.23 23:03:39 INFO  Shut down connection with build server.[0m
2022.06.23 23:03:39 INFO  Shut down connection with build server.[0m
2022.06.23 23:03:51 INFO  tracing is disabled for protocol LSP, to enable tracing of incoming and outgoing JSON messages create an empty file at /home/yanov2708/dev/labbbb_1/.metals/lsp.trace.json or /home/yanov2708/.cache/metals/lsp.trace.json[0m
2022.06.23 23:03:51 INFO  logging to file /home/yanov2708/dev/labbbb_1/.metals/metals.log[0m
2022.06.23 23:03:51 INFO  Started: Metals version 0.11.6 in workspace '/home/yanov2708/dev/labbbb_1' for client Visual Studio Code 1.68.1.[0m
2022.06.23 23:03:52 INFO  time: initialize in 0.66s[0m
2022.06.23 23:03:52 WARN  Flyway upgrade recommended: H2 2.1.212 is newer than this version of Flyway and support has not been tested. The latest supported version of H2 is 2.1.210.[0m
2022.06.23 23:03:53 INFO  Attempting to connect to the build server...[0m
2022.06.23 23:03:53 INFO  skipping build import with status 'Installed'[0m
2022.06.23 23:03:56 INFO  no build target found for /home/yanov2708/dev/labbbb_1/src/test/scala/MySuite.scala. Using presentation compiler with project's scala-library version: 3.1.2[0m
2022.06.23 23:03:56 INFO  tracing is disabled for protocol BSP, to enable tracing of incoming and outgoing JSON messages create an empty file at /home/yanov2708/dev/labbbb_1/.metals/bsp.trace.json or /home/yanov2708/.cache/metals/bsp.trace.json[0m
2022.06.23 23:03:56 INFO  Attempting to connect to the build server...[0m
2022.06.23 23:03:56 INFO  tracing is disabled for protocol BSP, to enable tracing of incoming and outgoing JSON messages create an empty file at /home/yanov2708/dev/labbbb_1/project/.metals/bsp.trace.json or /home/yanov2708/.cache/metals/bsp.trace.json[0m
2022.06.23 23:03:56 INFO  time: Connected to build server in 3.53s[0m
2022.06.23 23:03:56 INFO  Connected to Build server: Bloop v1.5.0-18-003e6c7b[0m
2022.06.23 23:03:56 INFO  time: Imported build in 0.14s[0m
2022.06.23 23:03:58 INFO  time: code lens generation in 3.92s[0m
2022.06.23 23:03:58 INFO  no build target found for /home/yanov2708/dev/labbbb_1/src/main/scala/Main.scala. Using presentation compiler with project's scala-library version: 3.1.2[0m
2022.06.23 23:03:59 INFO  compiling root-test (1 scala source)[0m
2022.06.23 23:04:00 INFO  time: indexed workspace in 3.07s[0m
2022.06.23 23:04:00 INFO  time: code lens generation in 6.02s[0m
2022.06.23 23:04:00 INFO  Deduplicating compilation of root-test from bsp client 'Metals 0.11.6' (since 3.522s)[0m
2022.06.23 23:04:00 INFO  compiling root-test (1 scala source)[0m
2022.06.23 23:04:03 INFO  time: compiled root-test in 3.4s[0m
2022.06.23 23:04:04 WARN  Could not load snapshot text for /home/yanov2708/dev/labbbb_1/src/test/scala/MySuite.scala[0m
2022.06.23 23:04:04 WARN  Could not load snapshot text for /home/yanov2708/dev/labbbb_1/src/test/scala/MySuite.scala[0m
2022.06.23 23:04:03 INFO  compiling root-test (1 scala source)[0m
2022.06.23 23:04:05 INFO  time: compiled root-test in 0.83s[0m
2022.06.23 23:04:10 WARN  Could not load snapshot text for /home/yanov2708/dev/labbbb_1/src/test/scala/MySuite.scala[0m
2022.06.23 23:04:23 WARN  Could not load snapshot text for /home/yanov2708/dev/labbbb_1/src/test/scala/MySuite.scala[0m
2022.06.23 23:04:32 WARN  Could not load snapshot text for /home/yanov2708/dev/labbbb_1/src/test/scala/MySuite.scala[0m
2022.06.23 23:05:07 WARN  Could not load snapshot text for /home/yanov2708/dev/labbbb_1/src/test/scala/MySuite.scala[0m
2022.06.23 23:05:11 INFO  compiling root-test (1 scala source)[0m
2022.06.23 23:05:11 INFO  time: compiled root-test in 0.39s[0m
2022.06.23 23:05:13 WARN  Could not load snapshot text for /home/yanov2708/dev/labbbb_1/src/test/scala/MySuite.scala[0m
2022.06.23 23:05:13 WARN  Error downloading ch.epfl.scala:scala-expression-compiler_3.1.3:2.2.0-M1
  not found: /home/yanov2708/.ivy2/local/ch.epfl.scala/scala-expression-compiler_3.1.3/2.2.0-M1/ivys/ivy.xml
  not found: https://repo1.maven.org/maven2/ch/epfl/scala/scala-expression-compiler_3.1.3/2.2.0-M1/scala-expression-compiler_3.1.3-2.2.0-M1.pom[0m
2022.06.23 23:05:13 WARN  Expression evaluation will not work.[0m
2022.06.23 23:05:13 INFO  tracing is disabled for protocol dap-server, to enable tracing of incoming and outgoing JSON messages create an empty file at /home/yanov2708/dev/labbbb_1/.metals/dap-server.trace.json or /home/yanov2708/.cache/metals/dap-server.trace.json[0m
2022.06.23 23:05:13 INFO  tracing is disabled for protocol dap-client, to enable tracing of incoming and outgoing JSON messages create an empty file at /home/yanov2708/dev/labbbb_1/.metals/dap-client.trace.json or /home/yanov2708/.cache/metals/dap-client.trace.json[0m
2022.06.23 23:05:14 INFO  Starting debug proxy for [MyList.main][0m
2022.06.23 23:05:13 INFO  Trying to attach to remote debuggee VM localhost:36393 .[0m
2022.06.23 23:05:13 INFO  Attaching to debuggee VM succeeded.[0m
2022.06.23 23:05:14 INFO  Canceling debug proxy for [MyList.main][0m
2022.06.23 23:05:14 INFO  Closing debug server tcp://0.0.0.0:44001[0m
Jun 23, 2022 11:05:14 PM org.eclipse.lsp4j.jsonrpc.json.StreamMessageProducer fireError
SEVERE: java.net.SocketException: Socket closed
org.eclipse.lsp4j.jsonrpc.JsonRpcException: java.net.SocketException: Socket closed
	at org.eclipse.lsp4j.jsonrpc.json.StreamMessageConsumer.consume(StreamMessageConsumer.java:72)
	at scala.meta.internal.metals.debug.SocketEndpoint.consume(SocketEndpoint.scala:22)
	at scala.meta.internal.metals.debug.MessageIdAdapter.consume(MessageIdAdapter.scala:43)
	at scala.meta.internal.metals.debug.ServerAdapter.send(ServerAdapter.scala:30)
	at scala.meta.internal.metals.debug.DebugProxy.$anonfun$handleClientMessage$1(DebugProxy.scala:146)
	at scala.meta.internal.metals.debug.MessageIdAdapter.$anonfun$listen$1(MessageIdAdapter.scala:57)
	at org.eclipse.lsp4j.jsonrpc.json.StreamMessageProducer.handleMessage(StreamMessageProducer.java:194)
	at org.eclipse.lsp4j.jsonrpc.json.StreamMessageProducer.listen(StreamMessageProducer.java:94)
	at scala.meta.internal.metals.debug.SocketEndpoint.listen(SocketEndpoint.scala:26)
	at scala.meta.internal.metals.debug.MessageIdAdapter.listen(MessageIdAdapter.scala:47)
	at scala.meta.internal.metals.debug.DebugProxy.$anonfun$listenToClient$1(DebugProxy.scala:65)
	at scala.runtime.java8.JFunction0$mcV$sp.apply(JFunction0$mcV$sp.scala:18)
	at scala.concurrent.Future$.$anonfun$apply$1(Future.scala:678)
	at scala.concurrent.impl.Promise$Transformation.run(Promise.scala:467)
	at java.util.concurrent.ThreadPoolExecutor.runWorker(ThreadPoolExecutor.java:1149)
	at java.util.concurrent.ThreadPoolExecutor$Worker.run(ThreadPoolExecutor.java:624)
	at java.lang.Thread.run(Thread.java:748)
Caused by: java.net.SocketException: Socket closed
	at java.net.SocketOutputStream.socketWrite(SocketOutputStream.java:118)
	at java.net.SocketOutputStream.write(SocketOutputStream.java:155)
	at java.io.BufferedOutputStream.flushBuffer(BufferedOutputStream.java:82)
	at java.io.BufferedOutputStream.flush(BufferedOutputStream.java:140)
	at org.eclipse.lsp4j.jsonrpc.json.StreamMessageConsumer.consume(StreamMessageConsumer.java:69)
	... 16 more

2022.06.23 23:06:09 WARN  Could not load snapshot text for /home/yanov2708/dev/labbbb_1/src/test/scala/MySuite.scala[0m
2022.06.23 23:06:09 INFO  Deduplicating compilation of root from bsp client 'Metals 0.11.6' (since 2m 12.354s)[0m
2022.06.23 23:06:09 INFO  compiling root-test (1 scala source)[0m
2022.06.23 23:06:09 INFO  time: compiled root-test in 0.28s[0m
2022.06.23 23:06:09 INFO  compiling root-test (1 scala source)[0m
2022.06.23 23:06:09 INFO  time: compiled root-test in 0.32s[0m
Jun 23, 2022 11:06:09 PM org.eclipse.lsp4j.jsonrpc.RemoteEndpoint fallbackResponseError
SEVERE: Internal error: scala.meta.internal.metals.MetalsBspException: BSP connection failed in the attempt to get: DebugSessionAddress.  Compilation not successful
java.util.concurrent.CompletionException: scala.meta.internal.metals.MetalsBspException: BSP connection failed in the attempt to get: DebugSessionAddress.  Compilation not successful
	at java.util.concurrent.CompletableFuture.encodeThrowable(CompletableFuture.java:292)
	at java.util.concurrent.CompletableFuture.completeThrowable(CompletableFuture.java:308)
	at java.util.concurrent.CompletableFuture.uniAccept(CompletableFuture.java:661)
	at java.util.concurrent.CompletableFuture$UniAccept.tryFire(CompletableFuture.java:646)
	at java.util.concurrent.CompletableFuture.postComplete(CompletableFuture.java:488)
	at java.util.concurrent.CompletableFuture.completeExceptionally(CompletableFuture.java:1990)
	at scala.concurrent.java8.FuturesConvertersImpl$CF.apply(FutureConvertersImpl.scala:29)
	at scala.concurrent.java8.FuturesConvertersImpl$CF.apply(FutureConvertersImpl.scala:26)
	at scala.concurrent.impl.Promise$Transformation.run(Promise.scala:484)
	at scala.concurrent.ExecutionContext$parasitic$.execute(ExecutionContext.scala:222)
	at scala.concurrent.impl.Promise$Transformation.submitWithValue(Promise.scala:429)
	at scala.concurrent.impl.Promise$DefaultPromise.submitWithValue(Promise.scala:338)
	at scala.concurrent.impl.Promise$DefaultPromise.tryComplete0(Promise.scala:285)
	at scala.concurrent.impl.Promise$Transformation.run(Promise.scala:504)
	at java.util.concurrent.ThreadPoolExecutor.runWorker(ThreadPoolExecutor.java:1149)
	at java.util.concurrent.ThreadPoolExecutor$Worker.run(ThreadPoolExecutor.java:624)
	at java.lang.Thread.run(Thread.java:748)
Caused by: scala.meta.internal.metals.MetalsBspException: BSP connection failed in the attempt to get: DebugSessionAddress.  Compilation not successful
	at scala.meta.internal.metals.BuildServerConnection$$anonfun$1.$anonfun$applyOrElse$4(BuildServerConnection.scala:300)
	at scala.Option.getOrElse(Option.scala:201)
	at scala.meta.internal.metals.BuildServerConnection$$anonfun$1.applyOrElse(BuildServerConnection.scala:298)
	at scala.meta.internal.metals.BuildServerConnection$$anonfun$1.applyOrElse(BuildServerConnection.scala:286)
	at scala.concurrent.impl.Promise$Transformation.run(Promise.scala:490)
	... 3 more

2022.06.23 23:06:10 WARN  Could not load snapshot text for /home/yanov2708/dev/labbbb_1/src/test/scala/MySuite.scala[0m
2022.06.23 23:06:15 INFO  Deduplicating compilation of root from bsp client 'Metals 0.11.6' (since 2m 18.579s)[0m
2022.06.23 23:06:15 INFO  compiling root-test (1 scala source)[0m
2022.06.23 23:06:15 INFO  time: compiled root-test in 0.23s[0m
2022.06.23 23:06:15 WARN  Could not load snapshot text for /home/yanov2708/dev/labbbb_1/src/test/scala/MySuite.scala[0m
2022.06.23 23:06:15 INFO  compiling root-test (1 scala source)[0m
2022.06.23 23:06:15 INFO  time: compiled root-test in 0.23s[0m
Jun 23, 2022 11:06:15 PM org.eclipse.lsp4j.jsonrpc.RemoteEndpoint fallbackResponseError
SEVERE: Internal error: scala.meta.internal.metals.MetalsBspException: BSP connection failed in the attempt to get: DebugSessionAddress.  Compilation not successful
java.util.concurrent.CompletionException: scala.meta.internal.metals.MetalsBspException: BSP connection failed in the attempt to get: DebugSessionAddress.  Compilation not successful
	at java.util.concurrent.CompletableFuture.encodeThrowable(CompletableFuture.java:292)
	at java.util.concurrent.CompletableFuture.completeThrowable(CompletableFuture.java:308)
	at java.util.concurrent.CompletableFuture.uniAccept(CompletableFuture.java:661)
	at java.util.concurrent.CompletableFuture$UniAccept.tryFire(CompletableFuture.java:646)
	at java.util.concurrent.CompletableFuture.postComplete(CompletableFuture.java:488)
	at java.util.concurrent.CompletableFuture.completeExceptionally(CompletableFuture.java:1990)
	at scala.concurrent.java8.FuturesConvertersImpl$CF.apply(FutureConvertersImpl.scala:29)
	at scala.concurrent.java8.FuturesConvertersImpl$CF.apply(FutureConvertersImpl.scala:26)
	at scala.concurrent.impl.Promise$Transformation.run(Promise.scala:484)
	at scala.concurrent.ExecutionContext$parasitic$.execute(ExecutionContext.scala:222)
	at scala.concurrent.impl.Promise$Transformation.submitWithValue(Promise.scala:429)
	at scala.concurrent.impl.Promise$DefaultPromise.submitWithValue(Promise.scala:338)
	at scala.concurrent.impl.Promise$DefaultPromise.tryComplete0(Promise.scala:285)
	at scala.concurrent.impl.Promise$Transformation.run(Promise.scala:504)
	at java.util.concurrent.ThreadPoolExecutor.runWorker(ThreadPoolExecutor.java:1149)
	at java.util.concurrent.ThreadPoolExecutor$Worker.run(ThreadPoolExecutor.java:624)
	at java.lang.Thread.run(Thread.java:748)
Caused by: scala.meta.internal.metals.MetalsBspException: BSP connection failed in the attempt to get: DebugSessionAddress.  Compilation not successful
	at scala.meta.internal.metals.BuildServerConnection$$anonfun$1.$anonfun$applyOrElse$4(BuildServerConnection.scala:300)
	at scala.Option.getOrElse(Option.scala:201)
	at scala.meta.internal.metals.BuildServerConnection$$anonfun$1.applyOrElse(BuildServerConnection.scala:298)
	at scala.meta.internal.metals.BuildServerConnection$$anonfun$1.applyOrElse(BuildServerConnection.scala:286)
	at scala.concurrent.impl.Promise$Transformation.run(Promise.scala:490)
	... 3 more

2022.06.23 23:06:54 WARN  Could not load snapshot text for /home/yanov2708/dev/labbbb_1/src/test/scala/MySuite.scala[0m
2022.06.23 23:06:54 WARN  Could not load snapshot text for /home/yanov2708/dev/labbbb_1/src/test/scala/MySuite.scala[0m
2022.06.23 23:06:54 WARN  Could not load snapshot text for /home/yanov2708/dev/labbbb_1/src/test/scala/MySuite.scala[0m
2022.06.23 23:07:00 WARN  Could not load snapshot text for /home/yanov2708/dev/labbbb_1/src/test/scala/MySuite.scala[0m
2022.06.23 23:07:00 WARN  Could not load snapshot text for /home/yanov2708/dev/labbbb_1/src/test/scala/MySuite.scala[0m
2022.06.23 23:07:03 WARN  Could not load snapshot text for /home/yanov2708/dev/labbbb_1/src/test/scala/MySuite.scala[0m
2022.06.23 23:07:05 WARN  Could not load snapshot text for /home/yanov2708/dev/labbbb_1/src/test/scala/MySuite.scala[0m
2022.06.23 23:07:05 WARN  Could not load snapshot text for /home/yanov2708/dev/labbbb_1/src/test/scala/MySuite.scala[0m
2022.06.23 23:07:38 WARN  Could not load snapshot text for /home/yanov2708/dev/labbbb_1/src/test/scala/MySuite.scala[0m
2022.06.23 23:07:43 WARN  Could not load snapshot text for /home/yanov2708/dev/labbbb_1/src/test/scala/MySuite.scala[0m
2022.06.23 23:07:44 WARN  Could not load snapshot text for /home/yanov2708/dev/labbbb_1/src/test/scala/MySuite.scala[0m
2022.06.23 23:07:55 WARN  Could not load snapshot text for /home/yanov2708/dev/labbbb_1/src/test/scala/MySuite.scala[0m
2022.06.23 23:07:55 WARN  Could not load snapshot text for /home/yanov2708/dev/labbbb_1/src/test/scala/MySuite.scala[0m
2022.06.23 23:08:09 WARN  Could not load snapshot text for /home/yanov2708/dev/labbbb_1/src/test/scala/MySuite.scala[0m
2022.06.23 23:08:10 WARN  Could not load snapshot text for /home/yanov2708/dev/labbbb_1/src/test/scala/MySuite.scala[0m
2022.06.23 23:08:10 WARN  Could not load snapshot text for /home/yanov2708/dev/labbbb_1/src/test/scala/MySuite.scala[0m
2022.06.23 23:08:11 WARN  Could not load snapshot text for /home/yanov2708/dev/labbbb_1/src/test/scala/MySuite.scala[0m
2022.06.23 23:08:10 WARN  Could not load snapshot text for /home/yanov2708/dev/labbbb_1/src/test/scala/MySuite.scala[0m
2022.06.23 23:08:12 WARN  Could not load snapshot text for /home/yanov2708/dev/labbbb_1/src/test/scala/MySuite.scala[0m
2022.06.23 23:08:12 WARN  Could not load snapshot text for /home/yanov2708/dev/labbbb_1/src/test/scala/MySuite.scala[0m
2022.06.23 23:08:13 WARN  Could not load snapshot text for /home/yanov2708/dev/labbbb_1/src/test/scala/MySuite.scala[0m
2022.06.23 23:08:13 WARN  Could not load snapshot text for /home/yanov2708/dev/labbbb_1/src/test/scala/MySuite.scala[0m
2022.06.23 23:08:14 WARN  Could not load snapshot text for /home/yanov2708/dev/labbbb_1/src/test/scala/MySuite.scala[0m
2022.06.23 23:08:14 WARN  Could not load snapshot text for /home/yanov2708/dev/labbbb_1/src/test/scala/MySuite.scala[0m
2022.06.23 23:08:15 WARN  Could not load snapshot text for /home/yanov2708/dev/labbbb_1/src/test/scala/MySuite.scala[0m
2022.06.23 23:08:16 WARN  Could not load snapshot text for /home/yanov2708/dev/labbbb_1/src/test/scala/MySuite.scala[0m
2022.06.23 23:08:17 WARN  Could not load snapshot text for /home/yanov2708/dev/labbbb_1/src/test/scala/MySuite.scala[0m
2022.06.23 23:08:17 WARN  Could not load snapshot text for /home/yanov2708/dev/labbbb_1/src/test/scala/MySuite.scala[0m
2022.06.23 23:08:18 WARN  Could not load snapshot text for /home/yanov2708/dev/labbbb_1/src/test/scala/MySuite.scala[0m
2022.06.23 23:08:18 WARN  Could not load snapshot text for /home/yanov2708/dev/labbbb_1/src/test/scala/MySuite.scala[0m
2022.06.23 23:08:18 WARN  Could not load snapshot text for /home/yanov2708/dev/labbbb_1/src/test/scala/MySuite.scala[0m
2022.06.23 23:08:18 WARN  Could not load snapshot text for /home/yanov2708/dev/labbbb_1/src/test/scala/MySuite.scala[0m
2022.06.23 23:08:23 WARN  Could not load snapshot text for /home/yanov2708/dev/labbbb_1/src/test/scala/MySuite.scala[0m
2022.06.23 23:08:24 WARN  Could not load snapshot text for /home/yanov2708/dev/labbbb_1/src/test/scala/MySuite.scala[0m
2022.06.23 23:08:24 WARN  Could not load snapshot text for /home/yanov2708/dev/labbbb_1/src/test/scala/MySuite.scala[0m
2022.06.23 23:08:24 WARN  Could not load snapshot text for /home/yanov2708/dev/labbbb_1/src/test/scala/MySuite.scala[0m
2022.06.23 23:08:24 WARN  Could not load snapshot text for /home/yanov2708/dev/labbbb_1/src/test/scala/MySuite.scala[0m
2022.06.23 23:08:25 WARN  Could not load snapshot text for /home/yanov2708/dev/labbbb_1/src/test/scala/MySuite.scala[0m
2022.06.23 23:08:25 WARN  Could not load snapshot text for /home/yanov2708/dev/labbbb_1/src/test/scala/MySuite.scala[0m
2022.06.23 23:08:25 WARN  Could not load snapshot text for /home/yanov2708/dev/labbbb_1/src/test/scala/MySuite.scala[0m
2022.06.23 23:08:26 WARN  Could not load snapshot text for /home/yanov2708/dev/labbbb_1/src/test/scala/MySuite.scala[0m
2022.06.23 23:08:26 WARN  Could not load snapshot text for /home/yanov2708/dev/labbbb_1/src/test/scala/MySuite.scala[0m
2022.06.23 23:08:27 WARN  Could not load snapshot text for /home/yanov2708/dev/labbbb_1/src/test/scala/MySuite.scala[0m
2022.06.23 23:08:27 WARN  Could not load snapshot text for /home/yanov2708/dev/labbbb_1/src/test/scala/MySuite.scala[0m
2022.06.23 23:08:27 WARN  Could not load snapshot text for /home/yanov2708/dev/labbbb_1/src/test/scala/MySuite.scala[0m
2022.06.23 23:08:33 WARN  Could not load snapshot text for /home/yanov2708/dev/labbbb_1/src/test/scala/MySuite.scala[0m
2022.06.23 23:08:34 WARN  Could not load snapshot text for /home/yanov2708/dev/labbbb_1/src/test/scala/MySuite.scala[0m
2022.06.23 23:08:36 WARN  Could not load snapshot text for /home/yanov2708/dev/labbbb_1/src/test/scala/MySuite.scala[0m
2022.06.23 23:08:36 WARN  Could not load snapshot text for /home/yanov2708/dev/labbbb_1/src/test/scala/MySuite.scala[0m
2022.06.23 23:08:40 WARN  Could not load snapshot text for /home/yanov2708/dev/labbbb_1/src/test/scala/MySuite.scala[0m
2022.06.23 23:08:40 WARN  Could not load snapshot text for /home/yanov2708/dev/labbbb_1/src/test/scala/MySuite.scala[0m
2022.06.23 23:09:05 WARN  Could not load snapshot text for /home/yanov2708/dev/labbbb_1/src/test/scala/MySuite.scala[0m
2022.06.23 23:09:08 INFO  compiling root-test (1 scala source)[0m
2022.06.23 23:09:08 INFO  time: compiled root-test in 0.2s[0m
2022.06.23 23:09:09 WARN  Could not load snapshot text for /home/yanov2708/dev/labbbb_1/src/test/scala/MySuite.scala[0m
2022.06.23 23:09:12 INFO  Deduplicating compilation of root from bsp client 'Metals 0.11.6' (since 5m 15.477s)[0m
2022.06.23 23:09:12 INFO  Deduplicating compilation of root-test from bsp client 'Metals 0.11.6' (since 5m 15.498s)[0m
2022.06.23 23:09:12 INFO  compiling root-test (1 scala source)[0m
2022.06.23 23:09:12 INFO  compiling root-test (1 scala source)[0m
2022.06.23 23:09:12 INFO  time: compiled root-test in 0.19s[0m
2022.06.23 23:09:12 INFO  compiling root-test (1 scala source)[0m
2022.06.23 23:09:12 INFO  time: compiled root-test in 0.18s[0m
Jun 23, 2022 11:09:12 PM org.eclipse.lsp4j.jsonrpc.RemoteEndpoint fallbackResponseError
SEVERE: Internal error: scala.meta.internal.metals.MetalsBspException: BSP connection failed in the attempt to get: DebugSessionAddress.  Compilation not successful
java.util.concurrent.CompletionException: scala.meta.internal.metals.MetalsBspException: BSP connection failed in the attempt to get: DebugSessionAddress.  Compilation not successful
	at java.util.concurrent.CompletableFuture.encodeThrowable(CompletableFuture.java:292)
	at java.util.concurrent.CompletableFuture.completeThrowable(CompletableFuture.java:308)
	at java.util.concurrent.CompletableFuture.uniAccept(CompletableFuture.java:661)
	at java.util.concurrent.CompletableFuture$UniAccept.tryFire(CompletableFuture.java:646)
	at java.util.concurrent.CompletableFuture.postComplete(CompletableFuture.java:488)
	at java.util.concurrent.CompletableFuture.completeExceptionally(CompletableFuture.java:1990)
	at scala.concurrent.java8.FuturesConvertersImpl$CF.apply(FutureConvertersImpl.scala:29)
	at scala.concurrent.java8.FuturesConvertersImpl$CF.apply(FutureConvertersImpl.scala:26)
	at scala.concurrent.impl.Promise$Transformation.run(Promise.scala:484)
	at scala.concurrent.ExecutionContext$parasitic$.execute(ExecutionContext.scala:222)
	at scala.concurrent.impl.Promise$Transformation.submitWithValue(Promise.scala:429)
	at scala.concurrent.impl.Promise$DefaultPromise.submitWithValue(Promise.scala:338)
	at scala.concurrent.impl.Promise$DefaultPromise.tryComplete0(Promise.scala:285)
	at scala.concurrent.impl.Promise$Transformation.run(Promise.scala:504)
	at java.util.concurrent.ThreadPoolExecutor.runWorker(ThreadPoolExecutor.java:1149)
	at java.util.concurrent.ThreadPoolExecutor$Worker.run(ThreadPoolExecutor.java:624)
	at java.lang.Thread.run(Thread.java:748)
Caused by: scala.meta.internal.metals.MetalsBspException: BSP connection failed in the attempt to get: DebugSessionAddress.  Compilation not successful
	at scala.meta.internal.metals.BuildServerConnection$$anonfun$1.$anonfun$applyOrElse$4(BuildServerConnection.scala:300)
	at scala.Option.getOrElse(Option.scala:201)
	at scala.meta.internal.metals.BuildServerConnection$$anonfun$1.applyOrElse(BuildServerConnection.scala:298)
	at scala.meta.internal.metals.BuildServerConnection$$anonfun$1.applyOrElse(BuildServerConnection.scala:286)
	at scala.concurrent.impl.Promise$Transformation.run(Promise.scala:490)
	... 3 more

2022.06.23 23:09:12 WARN  Could not load snapshot text for /home/yanov2708/dev/labbbb_1/src/test/scala/MySuite.scala[0m
2022.06.23 23:09:15 INFO  Deduplicating compilation of root from bsp client 'Metals 0.11.6' (since 5m 18.59s)[0m
2022.06.23 23:09:15 INFO  Deduplicating compilation of root-test from bsp client 'Metals 0.11.6' (since 5m 18.619s)[0m
2022.06.23 23:09:15 INFO  compiling root-test (1 scala source)[0m
2022.06.23 23:09:15 INFO  compiling root-test (1 scala source)[0m
2022.06.23 23:09:15 INFO  time: compiled root-test in 0.19s[0m
2022.06.23 23:09:15 INFO  compiling root-test (1 scala source)[0m
2022.06.23 23:09:15 INFO  time: compiled root-test in 0.16s[0m
Jun 23, 2022 11:09:15 PM org.eclipse.lsp4j.jsonrpc.RemoteEndpoint fallbackResponseError
SEVERE: Internal error: scala.meta.internal.metals.MetalsBspException: BSP connection failed in the attempt to get: DebugSessionAddress.  Compilation not successful
java.util.concurrent.CompletionException: scala.meta.internal.metals.MetalsBspException: BSP connection failed in the attempt to get: DebugSessionAddress.  Compilation not successful
	at java.util.concurrent.CompletableFuture.encodeThrowable(CompletableFuture.java:292)
	at java.util.concurrent.CompletableFuture.completeThrowable(CompletableFuture.java:308)
	at java.util.concurrent.CompletableFuture.uniAccept(CompletableFuture.java:661)
	at java.util.concurrent.CompletableFuture$UniAccept.tryFire(CompletableFuture.java:646)
	at java.util.concurrent.CompletableFuture.postComplete(CompletableFuture.java:488)
	at java.util.concurrent.CompletableFuture.completeExceptionally(CompletableFuture.java:1990)
	at scala.concurrent.java8.FuturesConvertersImpl$CF.apply(FutureConvertersImpl.scala:29)
	at scala.concurrent.java8.FuturesConvertersImpl$CF.apply(FutureConvertersImpl.scala:26)
	at scala.concurrent.impl.Promise$Transformation.run(Promise.scala:484)
	at scala.concurrent.ExecutionContext$parasitic$.execute(ExecutionContext.scala:222)
	at scala.concurrent.impl.Promise$Transformation.submitWithValue(Promise.scala:429)
	at scala.concurrent.impl.Promise$DefaultPromise.submitWithValue(Promise.scala:338)
	at scala.concurrent.impl.Promise$DefaultPromise.tryComplete0(Promise.scala:285)
	at scala.concurrent.impl.Promise$Transformation.run(Promise.scala:504)
	at java.util.concurrent.ThreadPoolExecutor.runWorker(ThreadPoolExecutor.java:1149)
	at java.util.concurrent.ThreadPoolExecutor$Worker.run(ThreadPoolExecutor.java:624)
	at java.lang.Thread.run(Thread.java:748)
Caused by: scala.meta.internal.metals.MetalsBspException: BSP connection failed in the attempt to get: DebugSessionAddress.  Compilation not successful
	at scala.meta.internal.metals.BuildServerConnection$$anonfun$1.$anonfun$applyOrElse$4(BuildServerConnection.scala:300)
	at scala.Option.getOrElse(Option.scala:201)
	at scala.meta.internal.metals.BuildServerConnection$$anonfun$1.applyOrElse(BuildServerConnection.scala:298)
	at scala.meta.internal.metals.BuildServerConnection$$anonfun$1.applyOrElse(BuildServerConnection.scala:286)
	at scala.concurrent.impl.Promise$Transformation.run(Promise.scala:490)
	... 3 more

2022.06.23 23:09:15 WARN  Could not load snapshot text for /home/yanov2708/dev/labbbb_1/src/test/scala/MySuite.scala[0m
2022.06.23 23:09:17 INFO  Deduplicating compilation of root from bsp client 'Metals 0.11.6' (since 5m 20.291s)[0m
2022.06.23 23:09:17 INFO  Deduplicating compilation of root-test from bsp client 'Metals 0.11.6' (since 5m 20.308s)[0m
2022.06.23 23:09:17 INFO  compiling root-test (1 scala source)[0m
2022.06.23 23:09:17 INFO  compiling root-test (1 scala source)[0m
2022.06.23 23:09:17 INFO  time: compiled root-test in 0.2s[0m
2022.06.23 23:09:17 INFO  compiling root-test (1 scala source)[0m
2022.06.23 23:09:17 INFO  time: compiled root-test in 0.17s[0m
Jun 23, 2022 11:09:17 PM org.eclipse.lsp4j.jsonrpc.RemoteEndpoint fallbackResponseError
SEVERE: Internal error: scala.meta.internal.metals.MetalsBspException: BSP connection failed in the attempt to get: DebugSessionAddress.  Compilation not successful
java.util.concurrent.CompletionException: scala.meta.internal.metals.MetalsBspException: BSP connection failed in the attempt to get: DebugSessionAddress.  Compilation not successful
	at java.util.concurrent.CompletableFuture.encodeThrowable(CompletableFuture.java:292)
	at java.util.concurrent.CompletableFuture.completeThrowable(CompletableFuture.java:308)
	at java.util.concurrent.CompletableFuture.uniAccept(CompletableFuture.java:661)
	at java.util.concurrent.CompletableFuture$UniAccept.tryFire(CompletableFuture.java:646)
	at java.util.concurrent.CompletableFuture.postComplete(CompletableFuture.java:488)
	at java.util.concurrent.CompletableFuture.completeExceptionally(CompletableFuture.java:1990)
	at scala.concurrent.java8.FuturesConvertersImpl$CF.apply(FutureConvertersImpl.scala:29)
	at scala.concurrent.java8.FuturesConvertersImpl$CF.apply(FutureConvertersImpl.scala:26)
	at scala.concurrent.impl.Promise$Transformation.run(Promise.scala:484)
	at scala.concurrent.ExecutionContext$parasitic$.execute(ExecutionContext.scala:222)
	at scala.concurrent.impl.Promise$Transformation.submitWithValue(Promise.scala:429)
	at scala.concurrent.impl.Promise$DefaultPromise.submitWithValue(Promise.scala:338)
	at scala.concurrent.impl.Promise$DefaultPromise.tryComplete0(Promise.scala:285)
	at scala.concurrent.impl.Promise$Transformation.run(Promise.scala:504)
	at java.util.concurrent.ThreadPoolExecutor.runWorker(ThreadPoolExecutor.java:1149)
	at java.util.concurrent.ThreadPoolExecutor$Worker.run(ThreadPoolExecutor.java:624)
	at java.lang.Thread.run(Thread.java:748)
Caused by: scala.meta.internal.metals.MetalsBspException: BSP connection failed in the attempt to get: DebugSessionAddress.  Compilation not successful
	at scala.meta.internal.metals.BuildServerConnection$$anonfun$1.$anonfun$applyOrElse$4(BuildServerConnection.scala:300)
	at scala.Option.getOrElse(Option.scala:201)
	at scala.meta.internal.metals.BuildServerConnection$$anonfun$1.applyOrElse(BuildServerConnection.scala:298)
	at scala.meta.internal.metals.BuildServerConnection$$anonfun$1.applyOrElse(BuildServerConnection.scala:286)
	at scala.concurrent.impl.Promise$Transformation.run(Promise.scala:490)
	... 3 more

2022.06.23 23:09:17 WARN  Could not load snapshot text for /home/yanov2708/dev/labbbb_1/src/test/scala/MySuite.scala[0m
2022.06.23 23:09:46 WARN  Could not load snapshot text for /home/yanov2708/dev/labbbb_1/src/test/scala/MySuite.scala[0m
2022.06.23 23:10:29 INFO  compiling root-test (1 scala source)[0m
2022.06.23 23:10:29 INFO  time: compiled root-test in 0.17s[0m
2022.06.23 23:10:29 WARN  Could not load snapshot text for /home/yanov2708/dev/labbbb_1/src/test/scala/MySuite.scala[0m
2022.06.23 23:10:29 WARN  Error downloading ch.epfl.scala:scala-expression-compiler_3.1.3:2.2.0-M1
  not found: /home/yanov2708/.ivy2/local/ch.epfl.scala/scala-expression-compiler_3.1.3/2.2.0-M1/ivys/ivy.xml
  not found: https://repo1.maven.org/maven2/ch/epfl/scala/scala-expression-compiler_3.1.3/2.2.0-M1/scala-expression-compiler_3.1.3-2.2.0-M1.pom[0m
2022.06.23 23:10:29 WARN  Expression evaluation will not work.[0m
2022.06.23 23:10:29 INFO  tracing is disabled for protocol dap-server, to enable tracing of incoming and outgoing JSON messages create an empty file at /home/yanov2708/dev/labbbb_1/.metals/dap-server.trace.json or /home/yanov2708/.cache/metals/dap-server.trace.json[0m
2022.06.23 23:10:29 INFO  tracing is disabled for protocol dap-client, to enable tracing of incoming and outgoing JSON messages create an empty file at /home/yanov2708/dev/labbbb_1/.metals/dap-client.trace.json or /home/yanov2708/.cache/metals/dap-client.trace.json[0m
2022.06.23 23:10:29 INFO  Starting debug proxy for [MyList.main][0m
2022.06.23 23:10:29 INFO  Trying to attach to remote debuggee VM localhost:33031 .[0m
2022.06.23 23:10:29 INFO  Attaching to debuggee VM succeeded.[0m
2022.06.23 23:10:30 INFO  Closing debug server tcp://0.0.0.0:37123[0m
2022.06.23 23:10:29 INFO  Canceling debug proxy for [MyList.main][0m
2022.06.23 23:10:39 INFO  Deduplicating compilation of root from bsp client 'Metals 0.11.6' (since 6m 42.322s)[0m
2022.06.23 23:10:39 INFO  compiling root-test (1 scala source)[0m
2022.06.23 23:10:39 INFO  time: compiled root-test in 0.17s[0m
2022.06.23 23:10:39 INFO  compiling root-test (1 scala source)[0m
2022.06.23 23:10:39 WARN  Could not load snapshot text for /home/yanov2708/dev/labbbb_1/src/test/scala/MySuite.scala[0m
2022.06.23 23:10:39 INFO  time: compiled root-test in 0.15s[0m
Jun 23, 2022 11:10:39 PM org.eclipse.lsp4j.jsonrpc.RemoteEndpoint fallbackResponseError
SEVERE: Internal error: scala.meta.internal.metals.MetalsBspException: BSP connection failed in the attempt to get: DebugSessionAddress.  Compilation not successful
java.util.concurrent.CompletionException: scala.meta.internal.metals.MetalsBspException: BSP connection failed in the attempt to get: DebugSessionAddress.  Compilation not successful
	at java.util.concurrent.CompletableFuture.encodeThrowable(CompletableFuture.java:292)
	at java.util.concurrent.CompletableFuture.completeThrowable(CompletableFuture.java:308)
	at java.util.concurrent.CompletableFuture.uniAccept(CompletableFuture.java:661)
	at java.util.concurrent.CompletableFuture$UniAccept.tryFire(CompletableFuture.java:646)
	at java.util.concurrent.CompletableFuture.postComplete(CompletableFuture.java:488)
	at java.util.concurrent.CompletableFuture.completeExceptionally(CompletableFuture.java:1990)
	at scala.concurrent.java8.FuturesConvertersImpl$CF.apply(FutureConvertersImpl.scala:29)
	at scala.concurrent.java8.FuturesConvertersImpl$CF.apply(FutureConvertersImpl.scala:26)
	at scala.concurrent.impl.Promise$Transformation.run(Promise.scala:484)
	at scala.concurrent.ExecutionContext$parasitic$.execute(ExecutionContext.scala:222)
	at scala.concurrent.impl.Promise$Transformation.submitWithValue(Promise.scala:429)
	at scala.concurrent.impl.Promise$DefaultPromise.submitWithValue(Promise.scala:338)
	at scala.concurrent.impl.Promise$DefaultPromise.tryComplete0(Promise.scala:285)
	at scala.concurrent.impl.Promise$Transformation.run(Promise.scala:504)
	at java.util.concurrent.ThreadPoolExecutor.runWorker(ThreadPoolExecutor.java:1149)
	at java.util.concurrent.ThreadPoolExecutor$Worker.run(ThreadPoolExecutor.java:624)
	at java.lang.Thread.run(Thread.java:748)
Caused by: scala.meta.internal.metals.MetalsBspException: BSP connection failed in the attempt to get: DebugSessionAddress.  Compilation not successful
	at scala.meta.internal.metals.BuildServerConnection$$anonfun$1.$anonfun$applyOrElse$4(BuildServerConnection.scala:300)
	at scala.Option.getOrElse(Option.scala:201)
	at scala.meta.internal.metals.BuildServerConnection$$anonfun$1.applyOrElse(BuildServerConnection.scala:298)
	at scala.meta.internal.metals.BuildServerConnection$$anonfun$1.applyOrElse(BuildServerConnection.scala:286)
	at scala.concurrent.impl.Promise$Transformation.run(Promise.scala:490)
	... 3 more

2022.06.23 23:17:13 WARN  Could not load snapshot text for /home/yanov2708/dev/labbbb_1/src/test/scala/MySuite.scala[0m
2022.06.23 23:17:13 WARN  Could not load snapshot text for /home/yanov2708/dev/labbbb_1/src/test/scala/MySuite.scala[0m
2022.06.23 23:17:13 WARN  Could not load snapshot text for /home/yanov2708/dev/labbbb_1/src/test/scala/MySuite.scala[0m
2022.06.23 23:17:28 WARN  Could not load snapshot text for /home/yanov2708/dev/labbbb_1/src/test/scala/MySuite.scala[0m
2022.06.23 23:17:28 WARN  Could not load snapshot text for /home/yanov2708/dev/labbbb_1/src/test/scala/MySuite.scala[0m
2022.06.23 23:17:33 WARN  Could not load snapshot text for /home/yanov2708/dev/labbbb_1/src/test/scala/MySuite.scala[0m
2022.06.23 23:17:35 WARN  Could not load snapshot text for /home/yanov2708/dev/labbbb_1/src/test/scala/MySuite.scala[0m
2022.06.23 23:17:36 WARN  Could not load snapshot text for /home/yanov2708/dev/labbbb_1/src/test/scala/MySuite.scala[0m
2022.06.23 23:17:39 WARN  Could not load snapshot text for /home/yanov2708/dev/labbbb_1/src/test/scala/MySuite.scala[0m
2022.06.23 23:18:04 WARN  Could not load snapshot text for /home/yanov2708/dev/labbbb_1/src/test/scala/MySuite.scala[0m
2022.06.23 23:18:08 WARN  Could not load snapshot text for /home/yanov2708/dev/labbbb_1/src/test/scala/MySuite.scala[0m
2022.06.23 23:18:08 WARN  Could not load snapshot text for /home/yanov2708/dev/labbbb_1/src/test/scala/MySuite.scala[0m
2022.06.23 23:18:10 WARN  Could not load snapshot text for /home/yanov2708/dev/labbbb_1/src/test/scala/MySuite.scala[0m
2022.06.23 23:18:10 WARN  Could not load snapshot text for /home/yanov2708/dev/labbbb_1/src/test/scala/MySuite.scala[0m
2022.06.23 23:18:10 WARN  Could not load snapshot text for /home/yanov2708/dev/labbbb_1/src/test/scala/MySuite.scala[0m
2022.06.23 23:18:12 WARN  Could not load snapshot text for /home/yanov2708/dev/labbbb_1/src/test/scala/MySuite.scala[0m
2022.06.23 23:18:12 WARN  Could not load snapshot text for /home/yanov2708/dev/labbbb_1/src/test/scala/MySuite.scala[0m
2022.06.23 23:18:16 WARN  Could not load snapshot text for /home/yanov2708/dev/labbbb_1/src/test/scala/MySuite.scala[0m
2022.06.23 23:18:16 WARN  Could not load snapshot text for /home/yanov2708/dev/labbbb_1/src/test/scala/MySuite.scala[0m
2022.06.23 23:18:16 WARN  Could not load snapshot text for /home/yanov2708/dev/labbbb_1/src/test/scala/MySuite.scala[0m
2022.06.23 23:18:23 WARN  Could not load snapshot text for /home/yanov2708/dev/labbbb_1/src/test/scala/MySuite.scala[0m
2022.06.23 23:18:23 WARN  Could not load snapshot text for /home/yanov2708/dev/labbbb_1/src/test/scala/MySuite.scala[0m
2022.06.23 23:18:23 WARN  Could not load snapshot text for /home/yanov2708/dev/labbbb_1/src/test/scala/MySuite.scala[0m
2022.06.23 23:18:23 WARN  Could not load snapshot text for /home/yanov2708/dev/labbbb_1/src/test/scala/MySuite.scala[0m
2022.06.23 23:18:25 WARN  Could not load snapshot text for /home/yanov2708/dev/labbbb_1/src/test/scala/MySuite.scala[0m
2022.06.23 23:18:25 WARN  Could not load snapshot text for /home/yanov2708/dev/labbbb_1/src/test/scala/MySuite.scala[0m
2022.06.23 23:18:25 WARN  Could not load snapshot text for /home/yanov2708/dev/labbbb_1/src/test/scala/MySuite.scala[0m
2022.06.23 23:18:25 WARN  Could not load snapshot text for /home/yanov2708/dev/labbbb_1/src/test/scala/MySuite.scala[0m
2022.06.23 23:18:25 WARN  Could not load snapshot text for /home/yanov2708/dev/labbbb_1/src/test/scala/MySuite.scala[0m
2022.06.23 23:18:25 WARN  Could not load snapshot text for /home/yanov2708/dev/labbbb_1/src/test/scala/MySuite.scala[0m
2022.06.23 23:19:20 WARN  Could not load snapshot text for /home/yanov2708/dev/labbbb_1/src/test/scala/MySuite.scala[0m
2022.06.23 23:19:21 WARN  Could not load snapshot text for /home/yanov2708/dev/labbbb_1/src/test/scala/MySuite.scala[0m
2022.06.23 23:19:21 WARN  Could not load snapshot text for /home/yanov2708/dev/labbbb_1/src/test/scala/MySuite.scala[0m
2022.06.23 23:19:23 WARN  Could not load snapshot text for /home/yanov2708/dev/labbbb_1/src/test/scala/MySuite.scala[0m
2022.06.23 23:19:23 WARN  Could not load snapshot text for /home/yanov2708/dev/labbbb_1/src/test/scala/MySuite.scala[0m
2022.06.23 23:19:27 WARN  Could not load snapshot text for /home/yanov2708/dev/labbbb_1/src/test/scala/MySuite.scala[0m
2022.06.23 23:19:27 WARN  Could not load snapshot text for /home/yanov2708/dev/labbbb_1/src/test/scala/MySuite.scala[0m
2022.06.23 23:19:27 WARN  Could not load snapshot text for /home/yanov2708/dev/labbbb_1/src/test/scala/MySuite.scala[0m
2022.06.23 23:19:30 WARN  Could not load snapshot text for /home/yanov2708/dev/labbbb_1/src/test/scala/MySuite.scala[0m
2022.06.23 23:19:30 WARN  Could not load snapshot text for /home/yanov2708/dev/labbbb_1/src/test/scala/MySuite.scala[0m
2022.06.23 23:19:30 WARN  Could not load snapshot text for /home/yanov2708/dev/labbbb_1/src/test/scala/MySuite.scala[0m
2022.06.23 23:19:30 WARN  Could not load snapshot text for /home/yanov2708/dev/labbbb_1/src/test/scala/MySuite.scala[0m
2022.06.23 23:19:30 WARN  Could not load snapshot text for /home/yanov2708/dev/labbbb_1/src/test/scala/MySuite.scala[0m
2022.06.23 23:19:35 WARN  Could not load snapshot text for /home/yanov2708/dev/labbbb_1/src/test/scala/MySuite.scala[0m
2022.06.23 23:19:37 WARN  Could not load snapshot text for /home/yanov2708/dev/labbbb_1/src/test/scala/MySuite.scala[0m
2022.06.23 23:19:37 WARN  Could not load snapshot text for /home/yanov2708/dev/labbbb_1/src/test/scala/MySuite.scala[0m
2022.06.23 23:19:37 WARN  Could not load snapshot text for /home/yanov2708/dev/labbbb_1/src/test/scala/MySuite.scala[0m
2022.06.23 23:19:37 WARN  Could not load snapshot text for /home/yanov2708/dev/labbbb_1/src/test/scala/MySuite.scala[0m
2022.06.23 23:19:38 WARN  Could not load snapshot text for /home/yanov2708/dev/labbbb_1/src/test/scala/MySuite.scala[0m
2022.06.23 23:19:38 WARN  Could not load snapshot text for /home/yanov2708/dev/labbbb_1/src/test/scala/MySuite.scala[0m
2022.06.23 23:19:41 INFO  compiling root-test (1 scala source)[0m
2022.06.23 23:19:43 INFO  time: compiled root-test in 1.89s[0m
2022.06.23 23:19:45 INFO  Deduplicating compilation of root from bsp client 'Metals 0.11.6' (since 15m 48.964s)[0m
2022.06.23 23:19:45 INFO  Deduplicating compilation of root-test from bsp client 'Metals 0.11.6' (since 15m 48.991s)[0m
2022.06.23 23:19:45 WARN  Error downloading ch.epfl.scala:scala-expression-compiler_3.1.3:2.2.0-M1
  not found: /home/yanov2708/.ivy2/local/ch.epfl.scala/scala-expression-compiler_3.1.3/2.2.0-M1/ivys/ivy.xml
  not found: https://repo1.maven.org/maven2/ch/epfl/scala/scala-expression-compiler_3.1.3/2.2.0-M1/scala-expression-compiler_3.1.3-2.2.0-M1.pom[0m
2022.06.23 23:19:45 WARN  Expression evaluation will not work.[0m
2022.06.23 23:19:46 INFO  tracing is disabled for protocol dap-server, to enable tracing of incoming and outgoing JSON messages create an empty file at /home/yanov2708/dev/labbbb_1/.metals/dap-server.trace.json or /home/yanov2708/.cache/metals/dap-server.trace.json[0m
2022.06.23 23:19:46 INFO  tracing is disabled for protocol dap-client, to enable tracing of incoming and outgoing JSON messages create an empty file at /home/yanov2708/dev/labbbb_1/.metals/dap-client.trace.json or /home/yanov2708/.cache/metals/dap-client.trace.json[0m
2022.06.23 23:19:46 INFO  Starting debug proxy for [MySuite(indexOf)][0m
2022.06.23 23:19:45 INFO  Trying to attach to remote debuggee VM localhost:44443 .[0m
2022.06.23 23:19:45 INFO  Attaching to debuggee VM succeeded.[0m
2022.06.23 23:19:46 INFO  Canceling debug proxy for [MySuite(indexOf)][0m
2022.06.23 23:19:47 INFO  Closing debug server tcp://0.0.0.0:37127[0m
2022.06.23 23:20:14 INFO  Deduplicating compilation of root from bsp client 'Metals 0.11.6' (since 16m 17.509s)[0m
2022.06.23 23:20:14 WARN  Error downloading ch.epfl.scala:scala-expression-compiler_3.1.3:2.2.0-M1
  not found: /home/yanov2708/.ivy2/local/ch.epfl.scala/scala-expression-compiler_3.1.3/2.2.0-M1/ivys/ivy.xml
  not found: https://repo1.maven.org/maven2/ch/epfl/scala/scala-expression-compiler_3.1.3/2.2.0-M1/scala-expression-compiler_3.1.3-2.2.0-M1.pom[0m
2022.06.23 23:20:14 WARN  Expression evaluation will not work.[0m
2022.06.23 23:20:14 INFO  tracing is disabled for protocol dap-server, to enable tracing of incoming and outgoing JSON messages create an empty file at /home/yanov2708/dev/labbbb_1/.metals/dap-server.trace.json or /home/yanov2708/.cache/metals/dap-server.trace.json[0m
2022.06.23 23:20:14 INFO  tracing is disabled for protocol dap-client, to enable tracing of incoming and outgoing JSON messages create an empty file at /home/yanov2708/dev/labbbb_1/.metals/dap-client.trace.json or /home/yanov2708/.cache/metals/dap-client.trace.json[0m
2022.06.23 23:20:14 INFO  Starting debug proxy for [MyList.main][0m
2022.06.23 23:20:14 INFO  Trying to attach to remote debuggee VM localhost:44351 .[0m
2022.06.23 23:20:14 INFO  Attaching to debuggee VM succeeded.[0m
2022.06.23 23:20:14 INFO  Canceling debug proxy for [MyList.main][0m
2022.06.23 23:20:14 INFO  Closing debug server tcp://0.0.0.0:43591[0m
Jun 23, 2022 11:20:25 PM org.eclipse.lsp4j.jsonrpc.RemoteEndpoint handleCancellation
WARNING: Unmatched cancel notification for request id 397
2022.06.23 23:20:26 INFO  compiling root (1 scala source)[0m
2022.06.23 23:20:27 INFO  time: compiled root in 1.41s[0m
2022.06.23 23:20:29 INFO  Deduplicating compilation of root from bsp client 'Metals 0.11.6' (since 16m 32.57s)[0m
2022.06.23 23:20:29 WARN  Error downloading ch.epfl.scala:scala-expression-compiler_3.1.3:2.2.0-M1
  not found: /home/yanov2708/.ivy2/local/ch.epfl.scala/scala-expression-compiler_3.1.3/2.2.0-M1/ivys/ivy.xml
  not found: https://repo1.maven.org/maven2/ch/epfl/scala/scala-expression-compiler_3.1.3/2.2.0-M1/scala-expression-compiler_3.1.3-2.2.0-M1.pom[0m
2022.06.23 23:20:29 WARN  Expression evaluation will not work.[0m
2022.06.23 23:20:29 INFO  tracing is disabled for protocol dap-server, to enable tracing of incoming and outgoing JSON messages create an empty file at /home/yanov2708/dev/labbbb_1/.metals/dap-server.trace.json or /home/yanov2708/.cache/metals/dap-server.trace.json[0m
2022.06.23 23:20:29 INFO  tracing is disabled for protocol dap-client, to enable tracing of incoming and outgoing JSON messages create an empty file at /home/yanov2708/dev/labbbb_1/.metals/dap-client.trace.json or /home/yanov2708/.cache/metals/dap-client.trace.json[0m
2022.06.23 23:20:29 INFO  Starting debug proxy for [MyList.main][0m
2022.06.23 23:20:29 INFO  Trying to attach to remote debuggee VM localhost:42195 .[0m
2022.06.23 23:20:29 INFO  Attaching to debuggee VM succeeded.[0m
2022.06.23 23:20:29 INFO  Canceling debug proxy for [MyList.main][0m
2022.06.23 23:20:29 INFO  Closing debug server tcp://0.0.0.0:39381[0m
2022.06.23 23:22:05 INFO  compiling root-test (1 scala source)[0m
2022.06.23 23:22:05 INFO  time: compiled root-test in 0.55s[0m
2022.06.23 23:22:08 INFO  Deduplicating compilation of root from bsp client 'Metals 0.11.6' (since 18m 11.317s)[0m
2022.06.23 23:22:08 INFO  Deduplicating compilation of root-test from bsp client 'Metals 0.11.6' (since 18m 11.351s)[0m
2022.06.23 23:22:08 WARN  Error downloading ch.epfl.scala:scala-expression-compiler_3.1.3:2.2.0-M1
  not found: /home/yanov2708/.ivy2/local/ch.epfl.scala/scala-expression-compiler_3.1.3/2.2.0-M1/ivys/ivy.xml
  not found: https://repo1.maven.org/maven2/ch/epfl/scala/scala-expression-compiler_3.1.3/2.2.0-M1/scala-expression-compiler_3.1.3-2.2.0-M1.pom[0m
2022.06.23 23:22:08 WARN  Expression evaluation will not work.[0m
2022.06.23 23:22:08 INFO  tracing is disabled for protocol dap-server, to enable tracing of incoming and outgoing JSON messages create an empty file at /home/yanov2708/dev/labbbb_1/.metals/dap-server.trace.json or /home/yanov2708/.cache/metals/dap-server.trace.json[0m
2022.06.23 23:22:08 INFO  tracing is disabled for protocol dap-client, to enable tracing of incoming and outgoing JSON messages create an empty file at /home/yanov2708/dev/labbbb_1/.metals/dap-client.trace.json or /home/yanov2708/.cache/metals/dap-client.trace.json[0m
2022.06.23 23:22:08 INFO  Starting debug proxy for [MySuite(indexOf11)][0m
2022.06.23 23:22:08 INFO  Trying to attach to remote debuggee VM localhost:33381 .[0m
2022.06.23 23:22:08 INFO  Attaching to debuggee VM succeeded.[0m
2022.06.23 23:22:08 INFO  Canceling debug proxy for [MySuite(indexOf11)][0m
2022.06.23 23:22:09 INFO  Closing debug server tcp://0.0.0.0:45999[0m
2022.06.23 23:22:25 INFO  compiling root-test (1 scala source)[0m
2022.06.23 23:22:25 INFO  time: compiled root-test in 0.19s[0m
2022.06.23 23:22:29 INFO  compiling root-test (1 scala source)[0m
2022.06.23 23:22:29 INFO  time: compiled root-test in 0.15s[0m
2022.06.23 23:30:16 INFO  compiling root-test (1 scala source)[0m
2022.06.23 23:30:16 INFO  time: compiled root-test in 0.33s[0m
2022.06.23 23:30:43 INFO  Deduplicating compilation of root from bsp client 'Metals 0.11.6' (since 26m 46.829s)[0m
2022.06.23 23:30:43 INFO  Deduplicating compilation of root-test from bsp client 'Metals 0.11.6' (since 26m 46.856s)[0m
2022.06.23 23:30:43 WARN  Error downloading ch.epfl.scala:scala-expression-compiler_3.1.3:2.2.0-M1
  not found: /home/yanov2708/.ivy2/local/ch.epfl.scala/scala-expression-compiler_3.1.3/2.2.0-M1/ivys/ivy.xml
  not found: https://repo1.maven.org/maven2/ch/epfl/scala/scala-expression-compiler_3.1.3/2.2.0-M1/scala-expression-compiler_3.1.3-2.2.0-M1.pom[0m
2022.06.23 23:30:43 WARN  Expression evaluation will not work.[0m
2022.06.23 23:30:43 INFO  tracing is disabled for protocol dap-server, to enable tracing of incoming and outgoing JSON messages create an empty file at /home/yanov2708/dev/labbbb_1/.metals/dap-server.trace.json or /home/yanov2708/.cache/metals/dap-server.trace.json[0m
2022.06.23 23:30:43 INFO  tracing is disabled for protocol dap-client, to enable tracing of incoming and outgoing JSON messages create an empty file at /home/yanov2708/dev/labbbb_1/.metals/dap-client.trace.json or /home/yanov2708/.cache/metals/dap-client.trace.json[0m
2022.06.23 23:30:44 INFO  Starting debug proxy for [MySuite(indexOf)][0m
2022.06.23 23:30:43 INFO  Trying to attach to remote debuggee VM localhost:37557 .[0m
2022.06.23 23:30:43 INFO  Attaching to debuggee VM succeeded.[0m
2022.06.23 23:30:44 INFO  Canceling debug proxy for [MySuite(indexOf)][0m
2022.06.23 23:30:44 INFO  Closing debug server tcp://0.0.0.0:32817[0m
2022.06.23 23:33:15 INFO  compiling root-test (1 scala source)[0m
2022.06.23 23:33:15 INFO  time: compiled root-test in 0.29s[0m
2022.06.23 23:33:18 INFO  Deduplicating compilation of root from bsp client 'Metals 0.11.6' (since 29m 21.255s)[0m
2022.06.23 23:33:18 INFO  Deduplicating compilation of root-test from bsp client 'Metals 0.11.6' (since 29m 21.271s)[0m
2022.06.23 23:33:18 WARN  Error downloading ch.epfl.scala:scala-expression-compiler_3.1.3:2.2.0-M1
  not found: /home/yanov2708/.ivy2/local/ch.epfl.scala/scala-expression-compiler_3.1.3/2.2.0-M1/ivys/ivy.xml
  not found: https://repo1.maven.org/maven2/ch/epfl/scala/scala-expression-compiler_3.1.3/2.2.0-M1/scala-expression-compiler_3.1.3-2.2.0-M1.pom[0m
2022.06.23 23:33:18 WARN  Expression evaluation will not work.[0m
2022.06.23 23:33:18 INFO  tracing is disabled for protocol dap-server, to enable tracing of incoming and outgoing JSON messages create an empty file at /home/yanov2708/dev/labbbb_1/.metals/dap-server.trace.json or /home/yanov2708/.cache/metals/dap-server.trace.json[0m
2022.06.23 23:33:18 INFO  tracing is disabled for protocol dap-client, to enable tracing of incoming and outgoing JSON messages create an empty file at /home/yanov2708/dev/labbbb_1/.metals/dap-client.trace.json or /home/yanov2708/.cache/metals/dap-client.trace.json[0m
2022.06.23 23:33:18 INFO  Starting debug proxy for [MySuite()][0m
2022.06.23 23:33:18 INFO  Trying to attach to remote debuggee VM localhost:46245 .[0m
2022.06.23 23:33:18 INFO  Attaching to debuggee VM succeeded.[0m
2022.06.23 23:33:18 INFO  Canceling debug proxy for [MySuite()][0m
2022.06.23 23:33:19 INFO  Closing debug server tcp://0.0.0.0:38611[0m
2022.06.23 23:35:28 INFO  compiling root-test (1 scala source)[0m
2022.06.23 23:35:28 INFO  time: compiled root-test in 0.3s[0m
2022.06.23 23:35:30 INFO  Deduplicating compilation of root from bsp client 'Metals 0.11.6' (since 31m 33.456s)[0m
2022.06.23 23:35:30 INFO  Deduplicating compilation of root-test from bsp client 'Metals 0.11.6' (since 31m 33.473s)[0m
2022.06.23 23:35:30 WARN  Error downloading ch.epfl.scala:scala-expression-compiler_3.1.3:2.2.0-M1
  not found: /home/yanov2708/.ivy2/local/ch.epfl.scala/scala-expression-compiler_3.1.3/2.2.0-M1/ivys/ivy.xml
  not found: https://repo1.maven.org/maven2/ch/epfl/scala/scala-expression-compiler_3.1.3/2.2.0-M1/scala-expression-compiler_3.1.3-2.2.0-M1.pom[0m
2022.06.23 23:35:30 WARN  Expression evaluation will not work.[0m
2022.06.23 23:35:30 INFO  tracing is disabled for protocol dap-server, to enable tracing of incoming and outgoing JSON messages create an empty file at /home/yanov2708/dev/labbbb_1/.metals/dap-server.trace.json or /home/yanov2708/.cache/metals/dap-server.trace.json[0m
2022.06.23 23:35:30 INFO  tracing is disabled for protocol dap-client, to enable tracing of incoming and outgoing JSON messages create an empty file at /home/yanov2708/dev/labbbb_1/.metals/dap-client.trace.json or /home/yanov2708/.cache/metals/dap-client.trace.json[0m
2022.06.23 23:35:30 INFO  Starting debug proxy for [MySuite(reverseReverse)][0m
2022.06.23 23:35:30 INFO  Trying to attach to remote debuggee VM localhost:40065 .[0m
2022.06.23 23:35:30 INFO  Attaching to debuggee VM succeeded.[0m
2022.06.23 23:35:30 INFO  Canceling debug proxy for [MySuite(reverseReverse)][0m
2022.06.23 23:35:31 INFO  Closing debug server tcp://0.0.0.0:43457[0m
2022.06.23 23:35:36 INFO  Deduplicating compilation of root from bsp client 'Metals 0.11.6' (since 31m 39.859s)[0m
2022.06.23 23:35:36 INFO  Deduplicating compilation of root-test from bsp client 'Metals 0.11.6' (since 31m 39.872s)[0m
2022.06.23 23:35:36 INFO  compiling root-test (1 scala source)[0m
2022.06.23 23:35:36 INFO  compiling root-test (1 scala source)[0m
2022.06.23 23:35:36 INFO  time: compiled root-test in 0.33s[0m
2022.06.23 23:35:36 WARN  Error downloading ch.epfl.scala:scala-expression-compiler_3.1.3:2.2.0-M1
  not found: /home/yanov2708/.ivy2/local/ch.epfl.scala/scala-expression-compiler_3.1.3/2.2.0-M1/ivys/ivy.xml
  not found: https://repo1.maven.org/maven2/ch/epfl/scala/scala-expression-compiler_3.1.3/2.2.0-M1/scala-expression-compiler_3.1.3-2.2.0-M1.pom[0m
2022.06.23 23:35:36 WARN  Expression evaluation will not work.[0m
2022.06.23 23:35:37 INFO  tracing is disabled for protocol dap-server, to enable tracing of incoming and outgoing JSON messages create an empty file at /home/yanov2708/dev/labbbb_1/.metals/dap-server.trace.json or /home/yanov2708/.cache/metals/dap-server.trace.json[0m
2022.06.23 23:35:37 INFO  tracing is disabled for protocol dap-client, to enable tracing of incoming and outgoing JSON messages create an empty file at /home/yanov2708/dev/labbbb_1/.metals/dap-client.trace.json or /home/yanov2708/.cache/metals/dap-client.trace.json[0m
2022.06.23 23:35:37 INFO  Starting debug proxy for [MySuite(reverseReverse)][0m
2022.06.23 23:35:36 INFO  Trying to attach to remote debuggee VM localhost:46567 .[0m
2022.06.23 23:35:36 INFO  Attaching to debuggee VM succeeded.[0m
2022.06.23 23:35:37 INFO  Canceling debug proxy for [MySuite(reverseReverse)][0m
2022.06.23 23:35:38 INFO  Closing debug server tcp://0.0.0.0:40003[0m
2022.06.23 23:35:47 INFO  Deduplicating compilation of root from bsp client 'Metals 0.11.6' (since 31m 50.445s)[0m
2022.06.23 23:35:47 INFO  Deduplicating compilation of root-test from bsp client 'Metals 0.11.6' (since 31m 50.467s)[0m
2022.06.23 23:35:47 INFO  compiling root-test (1 scala source)[0m
2022.06.23 23:35:47 INFO  compiling root-test (1 scala source)[0m
2022.06.23 23:35:47 INFO  time: compiled root-test in 0.31s[0m
2022.06.23 23:35:47 WARN  Error downloading ch.epfl.scala:scala-expression-compiler_3.1.3:2.2.0-M1
  not found: /home/yanov2708/.ivy2/local/ch.epfl.scala/scala-expression-compiler_3.1.3/2.2.0-M1/ivys/ivy.xml
  not found: https://repo1.maven.org/maven2/ch/epfl/scala/scala-expression-compiler_3.1.3/2.2.0-M1/scala-expression-compiler_3.1.3-2.2.0-M1.pom[0m
2022.06.23 23:35:47 WARN  Expression evaluation will not work.[0m
2022.06.23 23:35:47 INFO  tracing is disabled for protocol dap-server, to enable tracing of incoming and outgoing JSON messages create an empty file at /home/yanov2708/dev/labbbb_1/.metals/dap-server.trace.json or /home/yanov2708/.cache/metals/dap-server.trace.json[0m
2022.06.23 23:35:47 INFO  tracing is disabled for protocol dap-client, to enable tracing of incoming and outgoing JSON messages create an empty file at /home/yanov2708/dev/labbbb_1/.metals/dap-client.trace.json or /home/yanov2708/.cache/metals/dap-client.trace.json[0m
2022.06.23 23:35:47 INFO  Starting debug proxy for [MySuite(reverseReverse)][0m
2022.06.23 23:35:47 INFO  Trying to attach to remote debuggee VM localhost:41027 .[0m
2022.06.23 23:35:47 INFO  Attaching to debuggee VM succeeded.[0m
2022.06.23 23:35:47 INFO  Canceling debug proxy for [MySuite(reverseReverse)][0m
2022.06.23 23:35:48 INFO  Closing debug server tcp://0.0.0.0:46355[0m
2022.06.23 23:36:02 INFO  Deduplicating compilation of root from bsp client 'Metals 0.11.6' (since 32m 5.788s)[0m
2022.06.23 23:36:02 WARN  Error downloading ch.epfl.scala:scala-expression-compiler_3.1.3:2.2.0-M1
  not found: /home/yanov2708/.ivy2/local/ch.epfl.scala/scala-expression-compiler_3.1.3/2.2.0-M1/ivys/ivy.xml
  not found: https://repo1.maven.org/maven2/ch/epfl/scala/scala-expression-compiler_3.1.3/2.2.0-M1/scala-expression-compiler_3.1.3-2.2.0-M1.pom[0m
2022.06.23 23:36:02 WARN  Expression evaluation will not work.[0m
2022.06.23 23:36:02 INFO  tracing is disabled for protocol dap-server, to enable tracing of incoming and outgoing JSON messages create an empty file at /home/yanov2708/dev/labbbb_1/.metals/dap-server.trace.json or /home/yanov2708/.cache/metals/dap-server.trace.json[0m
2022.06.23 23:36:02 INFO  tracing is disabled for protocol dap-client, to enable tracing of incoming and outgoing JSON messages create an empty file at /home/yanov2708/dev/labbbb_1/.metals/dap-client.trace.json or /home/yanov2708/.cache/metals/dap-client.trace.json[0m
2022.06.23 23:36:03 INFO  Starting debug proxy for [MyList.main][0m
2022.06.23 23:36:02 INFO  Trying to attach to remote debuggee VM localhost:37917 .[0m
2022.06.23 23:36:02 INFO  Attaching to debuggee VM succeeded.[0m
2022.06.23 23:36:03 INFO  Canceling debug proxy for [MyList.main][0m
2022.06.23 23:36:02 INFO  Closing debug server tcp://0.0.0.0:37745[0m
2022.06.23 23:40:49 INFO  compiling root-test (1 scala source)[0m
2022.06.23 23:40:49 INFO  time: compiled root-test in 0.29s[0m
2022.06.23 23:40:50 INFO  Deduplicating compilation of root from bsp client 'Metals 0.11.6' (since 36m 54.152s)[0m
2022.06.23 23:40:50 INFO  Deduplicating compilation of root-test from bsp client 'Metals 0.11.6' (since 36m 54.16s)[0m
2022.06.23 23:40:50 WARN  Error downloading ch.epfl.scala:scala-expression-compiler_3.1.3:2.2.0-M1
  not found: /home/yanov2708/.ivy2/local/ch.epfl.scala/scala-expression-compiler_3.1.3/2.2.0-M1/ivys/ivy.xml
  not found: https://repo1.maven.org/maven2/ch/epfl/scala/scala-expression-compiler_3.1.3/2.2.0-M1/scala-expression-compiler_3.1.3-2.2.0-M1.pom[0m
2022.06.23 23:40:50 WARN  Expression evaluation will not work.[0m
2022.06.23 23:40:51 INFO  tracing is disabled for protocol dap-server, to enable tracing of incoming and outgoing JSON messages create an empty file at /home/yanov2708/dev/labbbb_1/.metals/dap-server.trace.json or /home/yanov2708/.cache/metals/dap-server.trace.json[0m
2022.06.23 23:40:51 INFO  tracing is disabled for protocol dap-client, to enable tracing of incoming and outgoing JSON messages create an empty file at /home/yanov2708/dev/labbbb_1/.metals/dap-client.trace.json or /home/yanov2708/.cache/metals/dap-client.trace.json[0m
2022.06.23 23:40:51 INFO  Starting debug proxy for [MySuite(map*)][0m
2022.06.23 23:40:50 INFO  Trying to attach to remote debuggee VM localhost:33269 .[0m
2022.06.23 23:40:50 INFO  Attaching to debuggee VM succeeded.[0m
2022.06.23 23:40:52 INFO  Closing debug server tcp://0.0.0.0:43397[0m
2022.06.23 23:40:51 INFO  Canceling debug proxy for [MySuite(map*)][0m
